#
# There is insufficient memory for the Java Runtime Environment to continue.
# Native memory allocation (malloc) failed to allocate 1048576 bytes for AllocateHeap
# Possible reasons:
#   The system is out of physical RAM or swap space
#   The process is running with CompressedOops enabled, and the Java Heap may be blocking the growth of the native heap
# Possible solutions:
#   Reduce memory load on the system
#   Increase physical memory or swap space
#   Check if swap backing store is full
#   Decrease Java heap size (-Xmx/-Xms)
#   Decrease number of Java threads
#   Decrease Java thread stack sizes (-Xss)
#   Set larger code cache with -XX:ReservedCodeCacheSize=
#   JVM is running with Unscaled Compressed Oops mode in which the Java heap is
#     placed in the first 4GB address space. The Java Heap base address is the
#     maximum limit for the native heap growth. Please use -XX:HeapBaseMinAddress
#     to set the Java Heap base and to place the Java Heap above 4GB virtual address.
# This output file may be truncated or incomplete.
#
#  Out of Memory Error (src/hotspot/share/memory/allocation.cpp:46), pid=3012, tid=3216
#
# JRE version: OpenJDK Runtime Environment (11.0.15) (build 11.0.15+0-b2043.56-9505619)
# Java VM: OpenJDK 64-Bit Server VM (11.0.15+0-b2043.56-9505619, mixed mode, tiered, compressed oops, g1 gc, windows-amd64)
# No core dump will be written. Minidumps are not enabled by default on client versions of Windows
#

---------------  S U M M A R Y ------------

Command Line: --add-opens=java.base/java.util=ALL-UNNAMED --add-opens=java.base/java.lang=ALL-UNNAMED --add-opens=java.base/java.lang.invoke=ALL-UNNAMED --add-opens=java.base/java.util=ALL-UNNAMED --add-opens=java.prefs/java.util.prefs=ALL-UNNAMED --add-opens=java.prefs/java.util.prefs=ALL-UNNAMED --add-opens=java.base/java.nio.charset=ALL-UNNAMED --add-opens=java.base/java.net=ALL-UNNAMED --add-opens=java.base/java.util.concurrent.atomic=ALL-UNNAMED -Xmx2048m -Dfile.encoding=UTF-8 -Duser.country=BR -Duser.language=pt -Duser.variant org.gradle.launcher.daemon.bootstrap.GradleDaemon 7.5

Host: 12th Gen Intel(R) Core(TM) i5-12400, 12 cores, 7G,  Windows 11 , 64 bit Build 22621 (10.0.22621.3235)
Time: Mon Oct  7 11:04:18 2024 Hora oficial do Brasil elapsed time: 5.137024 seconds (0d 0h 0m 5s)

---------------  T H R E A D  ---------------

Current thread (0x000001f77d7d0000):  VMThread "VM Thread" [stack: 0x00000001c1e00000,0x00000001c1f00000] [id=3216]

Stack: [0x00000001c1e00000,0x00000001c1f00000]
[error occurred during error reporting (printing stack bounds), id 0xc0000005, EXCEPTION_ACCESS_VIOLATION (0xc0000005) at pc=0x000001f70000112d]

Native frames: (J=compiled Java code, j=interpreted, Vv=VM code, C=native code)
V  [jvm.dll+0x64135a]
V  [jvm.dll+0x7d39f9]
V  [jvm.dll+0x7d51b9]
V  [jvm.dll+0x7d5805]
V  [jvm.dll+0x7d57bb]
V  [jvm.dll+0x640655]
V  [jvm.dll+0x640d68]
C  [ntdll.dll+0xa441f]
C  [ntdll.dll+0x1e466]
C  [ntdll.dll+0xa340e]
C  0x000001f70000112d

VM_Operation (0x00000001c32f4a70): CollectForMetadataAllocation, mode: safepoint, requested by thread 0x000001f77eb96000


---------------  P R O C E S S  ---------------

Threads class SMR info:
_java_thread_list=0x000001f70fa12ca0, length=167, elements={
0x000001f771ee6000, 0x000001f77d7d4000, 0x000001f77d7e0000, 0x000001f77d7ef000,
0x000001f77d7f0000, 0x000001f77d7f1000, 0x000001f77d7f3800, 0x000001f77e192800,
0x000001f77e19f000, 0x000001f77e2f8800, 0x000001f77e199000, 0x000001f77e196000,
0x000001f7102f6800, 0x000001f70f232800, 0x000001f77f4cc800, 0x000001f70f4d0800,
0x000001f77eb7b800, 0x000001f77eb7c800, 0x000001f77eb96000, 0x000001f70ffba800,
0x000001f70f673000, 0x000001f70f1c6800, 0x000001f70f1c8000, 0x000001f70f1c9000,
0x000001f70f1c7000, 0x000001f7110df000, 0x000001f7110dc800, 0x000001f7110db000,
0x000001f7110e0000, 0x000001f7110dd800, 0x000001f7110de800, 0x000001f7110e0800,
0x000001f7110e1800, 0x000001f7110dc000, 0x000001f7110e4000, 0x000001f7110e5000,
0x000001f7110e5800, 0x000001f7110e7800, 0x000001f7110e6800, 0x000001f7110e8000,
0x000001f7110e2800, 0x000001f7110e9000, 0x000001f7110e3000, 0x000001f7110e9800,
0x000001f71115b800, 0x000001f711159000, 0x000001f71115e000, 0x000001f711159800,
0x000001f71115a800, 0x000001f71115c000, 0x000001f711162800, 0x000001f71115e800,
0x000001f711163800, 0x000001f711160000, 0x000001f711161000, 0x000001f711162000,
0x000001f711164800, 0x000001f71115f800, 0x000001f711165000, 0x000001f711166000,
0x000001f711167000, 0x000001f714adb800, 0x000001f714add000, 0x000001f714adc800,
0x000001f714ae2000, 0x000001f714ade000, 0x000001f714ae1000, 0x000001f714ade800,
0x000001f714adf800, 0x000001f714ae0800, 0x000001f712966000, 0x000001f712966800,
0x000001f712967800, 0x000001f712968000, 0x000001f712962800, 0x000001f712969000,
0x000001f712963800, 0x000001f712964000, 0x000001f712965000, 0x000001f714a5e800,
0x000001f714a5d000, 0x000001f714a5f800, 0x000001f714a5a800, 0x000001f714a5b800,
0x000001f714a5a000, 0x000001f714a5c000, 0x000001f714a5e000, 0x000001f714a60800,
0x000001f712f4b800, 0x000001f712f4a000, 0x000001f712f4d800, 0x000001f712f4c800,
0x000001f712f4f000, 0x000001f712f4b000, 0x000001f712f4e000, 0x000001f712f49800,
0x000001f712f51800, 0x000001f712f55800, 0x000001f712f54000, 0x000001f712f50000,
0x000001f712f53000, 0x000001f712f52000, 0x000001f712f54800, 0x000001f712f56800,
0x000001f712f50800, 0x000001f712f57000, 0x000001f712f58000, 0x000001f71459b000,
0x000001f71459b800, 0x000001f71459c800, 0x000001f714596800, 0x000001f714598800,
0x000001f714599000, 0x000001f71459d800, 0x000001f714597800, 0x000001f71459f800,
0x000001f71459e000, 0x000001f71459a000, 0x000001f7145a1800, 0x000001f7145a0800,
0x000001f7145a2000, 0x000001f7145a3000, 0x000001f7145a4000, 0x000001f7145a4800,
0x000001f71459f000, 0x000001f7145a5800, 0x000001f714260000, 0x000001f714262000,
0x000001f714261000, 0x000001f714265000, 0x000001f714262800, 0x000001f71425f800,
0x000001f714267800, 0x000001f714264800, 0x000001f714266800, 0x000001f714266000,
0x000001f714268800, 0x000001f714269000, 0x000001f714263800, 0x000001f71426b800,
0x000001f71426c800, 0x000001f71426a000, 0x000001f71426d800, 0x000001f71426e000,
0x000001f71426b000, 0x000001f712c69800, 0x000001f712c66800, 0x000001f712c68000,
0x000001f712c64000, 0x000001f712c6a800, 0x000001f712c68800, 0x000001f712c64800,
0x000001f712c67000, 0x000001f712c6b000, 0x000001f712c65800, 0x000001f712c71000,
0x000001f712c6f800, 0x000001f712c70000, 0x000001f712c71800, 0x000001f712c6c000,
0x000001f712c6d800, 0x000001f712c72800, 0x000001f712c6d000, 0x000001f712c6e800,
0x000001f71423f000, 0x000001f714241800, 0x000001f714242000
}

Java Threads: ( => current thread )
  0x000001f771ee6000 JavaThread "main" [_thread_blocked, id=2888, stack(0x00000001c1800000,0x00000001c1900000)]
  0x000001f77d7d4000 JavaThread "Reference Handler" daemon [_thread_blocked, id=11432, stack(0x00000001c1f00000,0x00000001c2000000)]
  0x000001f77d7e0000 JavaThread "Finalizer" daemon [_thread_blocked, id=1744, stack(0x00000001c2000000,0x00000001c2100000)]
  0x000001f77d7ef000 JavaThread "Signal Dispatcher" daemon [_thread_blocked, id=5332, stack(0x00000001c2100000,0x00000001c2200000)]
  0x000001f77d7f0000 JavaThread "Attach Listener" daemon [_thread_blocked, id=3160, stack(0x00000001c2200000,0x00000001c2300000)]
  0x000001f77d7f1000 JavaThread "Service Thread" daemon [_thread_blocked, id=10116, stack(0x00000001c2300000,0x00000001c2400000)]
  0x000001f77d7f3800 JavaThread "C2 CompilerThread0" daemon [_thread_blocked, id=9280, stack(0x00000001c2400000,0x00000001c2500000)]
  0x000001f77e192800 JavaThread "C1 CompilerThread0" daemon [_thread_blocked, id=10788, stack(0x00000001c2500000,0x00000001c2600000)]
  0x000001f77e19f000 JavaThread "Sweeper thread" daemon [_thread_blocked, id=14328, stack(0x00000001c2600000,0x00000001c2700000)]
  0x000001f77e2f8800 JavaThread "Common-Cleaner" daemon [_thread_blocked, id=11188, stack(0x00000001c2700000,0x00000001c2800000)]
  0x000001f77e199000 JavaThread "C2 CompilerThread1" daemon [_thread_blocked, id=2108, stack(0x00000001c2900000,0x00000001c2a00000)]
  0x000001f77e196000 JavaThread "C2 CompilerThread2" daemon [_thread_blocked, id=13476, stack(0x00000001c2a00000,0x00000001c2b00000)]
  0x000001f7102f6800 JavaThread "Daemon health stats" [_thread_blocked, id=6740, stack(0x00000001c2c00000,0x00000001c2d00000)]
  0x000001f70f232800 JavaThread "Incoming local TCP Connector on port 59349" [_thread_in_native, id=7260, stack(0x00000001c2d00000,0x00000001c2e00000)]
  0x000001f77f4cc800 JavaThread "Daemon periodic checks" [_thread_blocked, id=9408, stack(0x00000001c2e00000,0x00000001c2f00000)]
  0x000001f70f4d0800 JavaThread "Daemon" [_thread_blocked, id=10756, stack(0x00000001c2f00000,0x00000001c3000000)]
  0x000001f77eb7b800 JavaThread "Handler for socket connection from /127.0.0.1:59349 to /127.0.0.1:59350" [_thread_in_native, id=6420, stack(0x00000001c3000000,0x00000001c3100000)]
  0x000001f77eb7c800 JavaThread "Cancel handler" [_thread_blocked, id=7632, stack(0x00000001c3100000,0x00000001c3200000)]
  0x000001f77eb96000 JavaThread "Daemon worker" [_thread_blocked, id=6936, stack(0x00000001c3200000,0x00000001c3300000)]
  0x000001f70ffba800 JavaThread "Asynchronous log dispatcher for DefaultDaemonConnection: socket connection from /127.0.0.1:59349 to /127.0.0.1:59350" [_thread_blocked, id=4156, stack(0x00000001c3300000,0x00000001c3400000)]
  0x000001f70f673000 JavaThread "Stdin handler" [_thread_blocked, id=10860, stack(0x00000001c3400000,0x00000001c3500000)]
  0x000001f70f1c6800 JavaThread "Daemon client event forwarder" [_thread_blocked, id=1088, stack(0x00000001c3500000,0x00000001c3600000)]
  0x000001f70f1c8000 JavaThread "Cache worker for journal cache (C:\Users\Aluno\.gradle\caches\journal-1)" [_thread_blocked, id=4928, stack(0x00000001c3f00000,0x00000001c4000000)]
  0x000001f70f1c9000 JavaThread "File lock request listener" [_thread_in_native, id=4448, stack(0x00000001c4000000,0x00000001c4100000)]
  0x000001f70f1c7000 JavaThread "Cache worker for file hash cache (C:\Users\Aluno\.gradle\caches\7.5\fileHashes)" [_thread_blocked, id=5224, stack(0x00000001c4300000,0x00000001c4400000)]
  0x000001f7110df000 JavaThread "File watcher server" daemon [_thread_in_native, id=11336, stack(0x00000001c4400000,0x00000001c4500000)]
  0x000001f7110dc800 JavaThread "File watcher consumer" daemon [_thread_blocked, id=7924, stack(0x00000001c4500000,0x00000001c4600000)]
  0x000001f7110db000 JavaThread "jar transforms" [_thread_blocked, id=5436, stack(0x00000001c4600000,0x00000001c4700000)]
  0x000001f7110e0000 JavaThread "jar transforms Thread 2" [_thread_blocked, id=1708, stack(0x00000001c4700000,0x00000001c4800000)]
  0x000001f7110dd800 JavaThread "jar transforms Thread 3" [_thread_blocked, id=7300, stack(0x00000001c4800000,0x00000001c4900000)]
  0x000001f7110de800 JavaThread "jar transforms Thread 4" [_thread_blocked, id=6360, stack(0x00000001c4900000,0x00000001c4a00000)]
  0x000001f7110e0800 JavaThread "jar transforms Thread 5" [_thread_blocked, id=4124, stack(0x00000001c4a00000,0x00000001c4b00000)]
  0x000001f7110e1800 JavaThread "jar transforms Thread 6" [_thread_blocked, id=504, stack(0x00000001c4b00000,0x00000001c4c00000)]
  0x000001f7110dc000 JavaThread "jar transforms Thread 7" [_thread_blocked, id=3840, stack(0x00000001c4c00000,0x00000001c4d00000)]
  0x000001f7110e4000 JavaThread "jar transforms Thread 8" [_thread_blocked, id=10876, stack(0x00000001c4d00000,0x00000001c4e00000)]
  0x000001f7110e5000 JavaThread "jar transforms Thread 9" [_thread_blocked, id=11788, stack(0x00000001c4e00000,0x00000001c4f00000)]
  0x000001f7110e5800 JavaThread "jar transforms Thread 10" [_thread_blocked, id=9020, stack(0x00000001c4f00000,0x00000001c5000000)]
  0x000001f7110e7800 JavaThread "jar transforms Thread 11" [_thread_blocked, id=13624, stack(0x00000001c5000000,0x00000001c5100000)]
  0x000001f7110e6800 JavaThread "jar transforms Thread 12" [_thread_blocked, id=11212, stack(0x00000001c5100000,0x00000001c5200000)]
  0x000001f7110e8000 JavaThread "Cache worker for checksums cache (C:\Users\Aluno\Desktop\DispositivosMoveis\listView\.gradle\7.5\checksums)" [_thread_blocked, id=8216, stack(0x00000001c5200000,0x00000001c5300000)]
  0x000001f7110e2800 JavaThread "Cache worker for cache directory md-rule (C:\Users\Aluno\.gradle\caches\7.5\md-rule)" [_thread_blocked, id=4540, stack(0x00000001c5300000,0x00000001c5400000)]
  0x000001f7110e9000 JavaThread "Cache worker for file content cache (C:\Users\Aluno\.gradle\caches\7.5\fileContent)" [_thread_blocked, id=3432, stack(0x00000001c5400000,0x00000001c5500000)]
  0x000001f7110e3000 JavaThread "Cache worker for file hash cache (C:\Users\Aluno\Desktop\DispositivosMoveis\listView\.gradle\7.5\fileHashes)" [_thread_blocked, id=10552, stack(0x00000001c5500000,0x00000001c5600000)]
  0x000001f7110e9800 JavaThread "Cache worker for cache directory md-supplier (C:\Users\Aluno\.gradle\caches\7.5\md-supplier)" [_thread_blocked, id=14044, stack(0x00000001c5600000,0x00000001c5700000)]
  0x000001f71115b800 JavaThread "Cache worker for execution history cache (C:\Users\Aluno\.gradle\caches\7.5\executionHistory)" [_thread_blocked, id=9380, stack(0x00000001c5700000,0x00000001c5800000)]
  0x000001f711159000 JavaThread "Cache worker for dependencies-accessors (C:\Users\Aluno\Desktop\DispositivosMoveis\listView\.gradle\7.5\dependencies-accessors)" [_thread_blocked, id=1372, stack(0x00000001c5800000,0x00000001c5900000)]
  0x000001f71115e000 JavaThread "Cache worker for Build Output Cleanup Cache (C:\Users\Aluno\Desktop\DispositivosMoveis\listView\.gradle\buildOutputCleanup)" [_thread_blocked, id=6192, stack(0x00000001c5900000,0x00000001c5a00000)]
  0x000001f711159800 JavaThread "Unconstrained build operations" [_thread_blocked, id=13636, stack(0x00000001c5a00000,0x00000001c5b00000)]
  0x000001f71115a800 JavaThread "Unconstrained build operations Thread 2" [_thread_blocked, id=7264, stack(0x00000001c5b00000,0x00000001c5c00000)]
  0x000001f71115c000 JavaThread "Unconstrained build operations Thread 3" [_thread_blocked, id=2852, stack(0x00000001c5c00000,0x00000001c5d00000)]
  0x000001f711162800 JavaThread "Unconstrained build operations Thread 4" [_thread_blocked, id=1392, stack(0x00000001c5d00000,0x00000001c5e00000)]
  0x000001f71115e800 JavaThread "Unconstrained build operations Thread 5" [_thread_blocked, id=12252, stack(0x00000001c5e00000,0x00000001c5f00000)]
  0x000001f711163800 JavaThread "Unconstrained build operations Thread 6" [_thread_blocked, id=10456, stack(0x00000001c5f00000,0x00000001c6000000)]
  0x000001f711160000 JavaThread "Unconstrained build operations Thread 7" [_thread_blocked, id=10204, stack(0x00000001c6000000,0x00000001c6100000)]
  0x000001f711161000 JavaThread "Unconstrained build operations Thread 8" [_thread_blocked, id=8064, stack(0x00000001c6100000,0x00000001c6200000)]
  0x000001f711162000 JavaThread "Unconstrained build operations Thread 9" [_thread_blocked, id=8068, stack(0x00000001c6200000,0x00000001c6300000)]
  0x000001f711164800 JavaThread "Unconstrained build operations Thread 10" [_thread_blocked, id=6136, stack(0x00000001c6300000,0x00000001c6400000)]
  0x000001f71115f800 JavaThread "Unconstrained build operations Thread 11" [_thread_blocked, id=3360, stack(0x00000001c6400000,0x00000001c6500000)]
  0x000001f711165000 JavaThread "Unconstrained build operations Thread 12" [_thread_blocked, id=9640, stack(0x00000001c6500000,0x00000001c6600000)]
  0x000001f711166000 JavaThread "Unconstrained build operations Thread 13" [_thread_blocked, id=1872, stack(0x00000001c6600000,0x00000001c6700000)]
  0x000001f711167000 JavaThread "Unconstrained build operations Thread 14" [_thread_blocked, id=10512, stack(0x00000001c6700000,0x00000001c6800000)]
  0x000001f714adb800 JavaThread "Unconstrained build operations Thread 15" [_thread_blocked, id=2688, stack(0x00000001c6800000,0x00000001c6900000)]
  0x000001f714add000 JavaThread "Unconstrained build operations Thread 16" [_thread_blocked, id=1616, stack(0x00000001c6900000,0x00000001c6a00000)]
  0x000001f714adc800 JavaThread "Unconstrained build operations Thread 17" [_thread_blocked, id=5764, stack(0x00000001c6a00000,0x00000001c6b00000)]
  0x000001f714ae2000 JavaThread "Unconstrained build operations Thread 18" [_thread_blocked, id=10792, stack(0x00000001c6b00000,0x00000001c6c00000)]
  0x000001f714ade000 JavaThread "Unconstrained build operations Thread 19" [_thread_blocked, id=9436, stack(0x00000001c6c00000,0x00000001c6d00000)]
  0x000001f714ae1000 JavaThread "Unconstrained build operations Thread 20" [_thread_blocked, id=13016, stack(0x00000001c6d00000,0x00000001c6e00000)]
  0x000001f714ade800 JavaThread "Unconstrained build operations Thread 21" [_thread_blocked, id=13820, stack(0x00000001c6e00000,0x00000001c6f00000)]
  0x000001f714adf800 JavaThread "Unconstrained build operations Thread 22" [_thread_blocked, id=8668, stack(0x00000001c6f00000,0x00000001c7000000)]
  0x000001f714ae0800 JavaThread "Unconstrained build operations Thread 23" [_thread_blocked, id=6032, stack(0x00000001c7000000,0x00000001c7100000)]
  0x000001f712966000 JavaThread "Unconstrained build operations Thread 24" [_thread_blocked, id=14096, stack(0x00000001c7100000,0x00000001c7200000)]
  0x000001f712966800 JavaThread "Unconstrained build operations Thread 25" [_thread_blocked, id=5496, stack(0x00000001c7200000,0x00000001c7300000)]
  0x000001f712967800 JavaThread "Unconstrained build operations Thread 26" [_thread_blocked, id=5852, stack(0x00000001c7300000,0x00000001c7400000)]
  0x000001f712968000 JavaThread "Unconstrained build operations Thread 27" [_thread_blocked, id=12244, stack(0x00000001c7400000,0x00000001c7500000)]
  0x000001f712962800 JavaThread "Unconstrained build operations Thread 28" [_thread_blocked, id=13772, stack(0x00000001c7500000,0x00000001c7600000)]
  0x000001f712969000 JavaThread "Unconstrained build operations Thread 29" [_thread_blocked, id=6480, stack(0x00000001c7600000,0x00000001c7700000)]
  0x000001f712963800 JavaThread "Unconstrained build operations Thread 30" [_thread_blocked, id=2040, stack(0x00000001c7700000,0x00000001c7800000)]
  0x000001f712964000 JavaThread "Unconstrained build operations Thread 31" [_thread_blocked, id=7932, stack(0x00000001c7800000,0x00000001c7900000)]
  0x000001f712965000 JavaThread "Unconstrained build operations Thread 32" [_thread_blocked, id=2184, stack(0x00000001c7900000,0x00000001c7a00000)]
  0x000001f714a5e800 JavaThread "Unconstrained build operations Thread 33" [_thread_blocked, id=13320, stack(0x00000001c7a00000,0x00000001c7b00000)]
  0x000001f714a5d000 JavaThread "Unconstrained build operations Thread 34" [_thread_blocked, id=1740, stack(0x00000001c7b00000,0x00000001c7c00000)]
  0x000001f714a5f800 JavaThread "Unconstrained build operations Thread 35" [_thread_blocked, id=3752, stack(0x00000001c7c00000,0x00000001c7d00000)]
  0x000001f714a5a800 JavaThread "Unconstrained build operations Thread 36" [_thread_blocked, id=268, stack(0x00000001c7d00000,0x00000001c7e00000)]
  0x000001f714a5b800 JavaThread "Unconstrained build operations Thread 37" [_thread_blocked, id=13948, stack(0x00000001c7e00000,0x00000001c7f00000)]
  0x000001f714a5a000 JavaThread "Unconstrained build operations Thread 38" [_thread_blocked, id=7512, stack(0x00000001c7f00000,0x00000001c8000000)]
  0x000001f714a5c000 JavaThread "Unconstrained build operations Thread 39" [_thread_blocked, id=4072, stack(0x00000001c8000000,0x00000001c8100000)]
  0x000001f714a5e000 JavaThread "Unconstrained build operations Thread 40" [_thread_blocked, id=10180, stack(0x00000001c8100000,0x00000001c8200000)]
  0x000001f714a60800 JavaThread "Unconstrained build operations Thread 41" [_thread_blocked, id=5484, stack(0x00000001c8200000,0x00000001c8300000)]
  0x000001f712f4b800 JavaThread "Unconstrained build operations Thread 42" [_thread_blocked, id=2428, stack(0x00000001c8300000,0x00000001c8400000)]
  0x000001f712f4a000 JavaThread "Unconstrained build operations Thread 43" [_thread_blocked, id=12600, stack(0x00000001c8400000,0x00000001c8500000)]
  0x000001f712f4d800 JavaThread "Unconstrained build operations Thread 44" [_thread_blocked, id=8276, stack(0x00000001c8500000,0x00000001c8600000)]
  0x000001f712f4c800 JavaThread "Unconstrained build operations Thread 45" [_thread_blocked, id=7208, stack(0x00000001c8600000,0x00000001c8700000)]
  0x000001f712f4f000 JavaThread "Unconstrained build operations Thread 46" [_thread_blocked, id=13824, stack(0x00000001c8700000,0x00000001c8800000)]
  0x000001f712f4b000 JavaThread "Unconstrained build operations Thread 47" [_thread_blocked, id=10744, stack(0x00000001c8800000,0x00000001c8900000)]
  0x000001f712f4e000 JavaThread "Unconstrained build operations Thread 48" [_thread_blocked, id=5340, stack(0x00000001c8900000,0x00000001c8a00000)]
  0x000001f712f49800 JavaThread "Unconstrained build operations Thread 49" [_thread_blocked, id=10900, stack(0x00000001c8a00000,0x00000001c8b00000)]
  0x000001f712f51800 JavaThread "Unconstrained build operations Thread 50" [_thread_blocked, id=5132, stack(0x00000001c8b00000,0x00000001c8c00000)]
  0x000001f712f55800 JavaThread "Unconstrained build operations Thread 51" [_thread_blocked, id=8400, stack(0x00000001c8c00000,0x00000001c8d00000)]
  0x000001f712f54000 JavaThread "Unconstrained build operations Thread 52" [_thread_blocked, id=11088, stack(0x00000001c8d00000,0x00000001c8e00000)]
  0x000001f712f50000 JavaThread "Unconstrained build operations Thread 53" [_thread_blocked, id=14320, stack(0x00000001c8e00000,0x00000001c8f00000)]
  0x000001f712f53000 JavaThread "Unconstrained build operations Thread 54" [_thread_blocked, id=11172, stack(0x00000001c8f00000,0x00000001c9000000)]
  0x000001f712f52000 JavaThread "Unconstrained build operations Thread 55" [_thread_blocked, id=7564, stack(0x00000001c9000000,0x00000001c9100000)]
  0x000001f712f54800 JavaThread "Unconstrained build operations Thread 56" [_thread_blocked, id=11556, stack(0x00000001c9100000,0x00000001c9200000)]
  0x000001f712f56800 JavaThread "Unconstrained build operations Thread 57" [_thread_blocked, id=11764, stack(0x00000001c9200000,0x00000001c9300000)]
  0x000001f712f50800 JavaThread "Unconstrained build operations Thread 58" [_thread_blocked, id=316, stack(0x00000001c9300000,0x00000001c9400000)]
  0x000001f712f57000 JavaThread "Unconstrained build operations Thread 59" [_thread_blocked, id=324, stack(0x00000001c9400000,0x00000001c9500000)]
  0x000001f712f58000 JavaThread "Unconstrained build operations Thread 60" [_thread_blocked, id=4808, stack(0x00000001c9500000,0x00000001c9600000)]
  0x000001f71459b000 JavaThread "Unconstrained build operations Thread 61" [_thread_blocked, id=6796, stack(0x00000001c9600000,0x00000001c9700000)]
  0x000001f71459b800 JavaThread "Unconstrained build operations Thread 62" [_thread_blocked, id=6616, stack(0x00000001c9700000,0x00000001c9800000)]
  0x000001f71459c800 JavaThread "Unconstrained build operations Thread 63" [_thread_blocked, id=11460, stack(0x00000001c9800000,0x00000001c9900000)]
  0x000001f714596800 JavaThread "Unconstrained build operations Thread 64" [_thread_blocked, id=5820, stack(0x00000001c9900000,0x00000001c9a00000)]
  0x000001f714598800 JavaThread "Unconstrained build operations Thread 65" [_thread_blocked, id=13924, stack(0x00000001c9a00000,0x00000001c9b00000)]
  0x000001f714599000 JavaThread "Unconstrained build operations Thread 66" [_thread_blocked, id=14108, stack(0x00000001c9b00000,0x00000001c9c00000)]
  0x000001f71459d800 JavaThread "Unconstrained build operations Thread 67" [_thread_blocked, id=10492, stack(0x00000001c9c00000,0x00000001c9d00000)]
  0x000001f714597800 JavaThread "Unconstrained build operations Thread 68" [_thread_blocked, id=14080, stack(0x00000001c9d00000,0x00000001c9e00000)]
  0x000001f71459f800 JavaThread "Unconstrained build operations Thread 69" [_thread_blocked, id=1612, stack(0x00000001c9e00000,0x00000001c9f00000)]
  0x000001f71459e000 JavaThread "Unconstrained build operations Thread 70" [_thread_blocked, id=13692, stack(0x00000001c9f00000,0x00000001ca000000)]
  0x000001f71459a000 JavaThread "Unconstrained build operations Thread 71" [_thread_blocked, id=11880, stack(0x00000001ca000000,0x00000001ca100000)]
  0x000001f7145a1800 JavaThread "Unconstrained build operations Thread 72" [_thread_blocked, id=7204, stack(0x00000001ca100000,0x00000001ca200000)]
  0x000001f7145a0800 JavaThread "Unconstrained build operations Thread 73" [_thread_blocked, id=4048, stack(0x00000001ca200000,0x00000001ca300000)]
  0x000001f7145a2000 JavaThread "Unconstrained build operations Thread 74" [_thread_blocked, id=5068, stack(0x00000001ca300000,0x00000001ca400000)]
  0x000001f7145a3000 JavaThread "Unconstrained build operations Thread 75" [_thread_blocked, id=10580, stack(0x00000001ca400000,0x00000001ca500000)]
  0x000001f7145a4000 JavaThread "Unconstrained build operations Thread 76" [_thread_blocked, id=10708, stack(0x00000001ca500000,0x00000001ca600000)]
  0x000001f7145a4800 JavaThread "Unconstrained build operations Thread 77" [_thread_blocked, id=8572, stack(0x00000001ca600000,0x00000001ca700000)]
  0x000001f71459f000 JavaThread "Unconstrained build operations Thread 78" [_thread_blocked, id=5488, stack(0x00000001ca700000,0x00000001ca800000)]
  0x000001f7145a5800 JavaThread "Unconstrained build operations Thread 79" [_thread_blocked, id=6008, stack(0x00000001ca800000,0x00000001ca900000)]
  0x000001f714260000 JavaThread "Unconstrained build operations Thread 80" [_thread_blocked, id=10588, stack(0x00000001ca900000,0x00000001caa00000)]
  0x000001f714262000 JavaThread "Unconstrained build operations Thread 81" [_thread_blocked, id=13768, stack(0x00000001caa00000,0x00000001cab00000)]
  0x000001f714261000 JavaThread "Unconstrained build operations Thread 82" [_thread_blocked, id=12876, stack(0x00000001cab00000,0x00000001cac00000)]
  0x000001f714265000 JavaThread "Unconstrained build operations Thread 83" [_thread_blocked, id=5616, stack(0x00000001cac00000,0x00000001cad00000)]
  0x000001f714262800 JavaThread "Unconstrained build operations Thread 84" [_thread_blocked, id=7968, stack(0x00000001cad00000,0x00000001cae00000)]
  0x000001f71425f800 JavaThread "Unconstrained build operations Thread 85" [_thread_blocked, id=4576, stack(0x00000001cae00000,0x00000001caf00000)]
  0x000001f714267800 JavaThread "Unconstrained build operations Thread 86" [_thread_blocked, id=8768, stack(0x00000001caf00000,0x00000001cb000000)]
  0x000001f714264800 JavaThread "Unconstrained build operations Thread 87" [_thread_blocked, id=8692, stack(0x00000001cb000000,0x00000001cb100000)]
  0x000001f714266800 JavaThread "Unconstrained build operations Thread 88" [_thread_blocked, id=7684, stack(0x00000001cb100000,0x00000001cb200000)]
  0x000001f714266000 JavaThread "Unconstrained build operations Thread 89" [_thread_blocked, id=1756, stack(0x00000001cb200000,0x00000001cb300000)]
  0x000001f714268800 JavaThread "Unconstrained build operations Thread 90" [_thread_blocked, id=8928, stack(0x00000001cb300000,0x00000001cb400000)]
  0x000001f714269000 JavaThread "Unconstrained build operations Thread 91" [_thread_blocked, id=8392, stack(0x00000001cb400000,0x00000001cb500000)]
  0x000001f714263800 JavaThread "Unconstrained build operations Thread 92" [_thread_blocked, id=13608, stack(0x00000001cb500000,0x00000001cb600000)]
  0x000001f71426b800 JavaThread "Unconstrained build operations Thread 93" [_thread_blocked, id=10460, stack(0x00000001cb600000,0x00000001cb700000)]
  0x000001f71426c800 JavaThread "Unconstrained build operations Thread 94" [_thread_blocked, id=1584, stack(0x00000001cb700000,0x00000001cb800000)]
  0x000001f71426a000 JavaThread "Unconstrained build operations Thread 95" [_thread_blocked, id=4268, stack(0x00000001cb800000,0x00000001cb900000)]
  0x000001f71426d800 JavaThread "Unconstrained build operations Thread 96" [_thread_blocked, id=11260, stack(0x00000001cb900000,0x00000001cba00000)]
  0x000001f71426e000 JavaThread "Unconstrained build operations Thread 97" [_thread_blocked, id=312, stack(0x00000001cba00000,0x00000001cbb00000)]
  0x000001f71426b000 JavaThread "Unconstrained build operations Thread 98" [_thread_blocked, id=8516, stack(0x00000001cbb00000,0x00000001cbc00000)]
  0x000001f712c69800 JavaThread "Unconstrained build operations Thread 99" [_thread_blocked, id=6872, stack(0x00000001cbc00000,0x00000001cbd00000)]
  0x000001f712c66800 JavaThread "Unconstrained build operations Thread 100" [_thread_blocked, id=7340, stack(0x00000001cbd00000,0x00000001cbe00000)]
  0x000001f712c68000 JavaThread "Unconstrained build operations Thread 101" [_thread_blocked, id=3064, stack(0x00000001cbe00000,0x00000001cbf00000)]
  0x000001f712c64000 JavaThread "Unconstrained build operations Thread 102" [_thread_blocked, id=13852, stack(0x00000001cbf00000,0x00000001cc000000)]
  0x000001f712c6a800 JavaThread "Unconstrained build operations Thread 103" [_thread_blocked, id=2776, stack(0x00000001cc000000,0x00000001cc100000)]
  0x000001f712c68800 JavaThread "Unconstrained build operations Thread 104" [_thread_blocked, id=11744, stack(0x00000001cc100000,0x00000001cc200000)]
  0x000001f712c64800 JavaThread "Unconstrained build operations Thread 105" [_thread_blocked, id=9944, stack(0x00000001cc200000,0x00000001cc300000)]
  0x000001f712c67000 JavaThread "Unconstrained build operations Thread 106" [_thread_blocked, id=12156, stack(0x00000001cc300000,0x00000001cc400000)]
  0x000001f712c6b000 JavaThread "Unconstrained build operations Thread 107" [_thread_blocked, id=10440, stack(0x00000001cc400000,0x00000001cc500000)]
  0x000001f712c65800 JavaThread "Unconstrained build operations Thread 108" [_thread_blocked, id=8640, stack(0x00000001cc500000,0x00000001cc600000)]
  0x000001f712c71000 JavaThread "Unconstrained build operations Thread 109" [_thread_blocked, id=5356, stack(0x00000001cc600000,0x00000001cc700000)]
  0x000001f712c6f800 JavaThread "Unconstrained build operations Thread 110" [_thread_blocked, id=14232, stack(0x00000001cc700000,0x00000001cc800000)]
  0x000001f712c70000 JavaThread "Unconstrained build operations Thread 111" [_thread_blocked, id=7476, stack(0x00000001cc800000,0x00000001cc900000)]
  0x000001f712c71800 JavaThread "Unconstrained build operations Thread 112" [_thread_blocked, id=10928, stack(0x00000001cc900000,0x00000001cca00000)]
  0x000001f712c6c000 JavaThread "Unconstrained build operations Thread 113" [_thread_blocked, id=11476, stack(0x00000001cca00000,0x00000001ccb00000)]
  0x000001f712c6d800 JavaThread "Unconstrained build operations Thread 114" [_thread_blocked, id=7228, stack(0x00000001ccb00000,0x00000001ccc00000)]
  0x000001f712c72800 JavaThread "Unconstrained build operations Thread 115" [_thread_blocked, id=9580, stack(0x00000001ccc00000,0x00000001ccd00000)]
  0x000001f712c6d000 JavaThread "Unconstrained build operations Thread 116" [_thread_blocked, id=11356, stack(0x00000001ccd00000,0x00000001cce00000)]
  0x000001f712c6e800 JavaThread "Unconstrained build operations Thread 117" [_thread_blocked, id=3884, stack(0x00000001cce00000,0x00000001ccf00000)]
  0x000001f71423f000 JavaThread "Unconstrained build operations Thread 118" [_thread_blocked, id=4940, stack(0x00000001ccf00000,0x00000001cd000000)]
  0x000001f714241800 JavaThread "Unconstrained build operations Thread 119" [_thread_blocked, id=9920, stack(0x00000001cd000000,0x00000001cd100000)]
  0x000001f714242000 JavaThread "Unconstrained build operations Thread 120" [_thread_blocked, id=1560, stack(0x00000001cd100000,0x00000001cd200000)]

Other Threads:
=>0x000001f77d7d0000 VMThread "VM Thread" [stack: 0x00000001c1e00000,0x00000001c1f00000] [id=3216]
  0x000001f77e311800 WatcherThread [stack: 0x00000001c2800000,0x00000001c2900000] [id=11832]
  0x000001f771f00000 GCTaskThread "GC Thread#0" [stack: 0x00000001c1900000,0x00000001c1a00000] [id=7568]
  0x000001f77faac000 GCTaskThread "GC Thread#1" [stack: 0x00000001c2b00000,0x00000001c2c00000] [id=13616]
  0x000001f70f425000 GCTaskThread "GC Thread#2" [stack: 0x00000001c3600000,0x00000001c3700000] [id=13688]
  0x000001f70f4fe000 GCTaskThread "GC Thread#3" [stack: 0x00000001c3700000,0x00000001c3800000] [id=11576]
  0x000001f77fb03000 GCTaskThread "GC Thread#4" [stack: 0x00000001c3800000,0x00000001c3900000] [id=2460]
  0x000001f70f45b800 GCTaskThread "GC Thread#5" [stack: 0x00000001c3900000,0x00000001c3a00000] [id=9156]
  0x000001f77faf3000 GCTaskThread "GC Thread#6" [stack: 0x00000001c3a00000,0x00000001c3b00000] [id=6120]
  0x000001f70f434000 GCTaskThread "GC Thread#7" [stack: 0x00000001c3b00000,0x00000001c3c00000] [id=432]
  0x000001f77f2f0800 GCTaskThread "GC Thread#8" [stack: 0x00000001c3c00000,0x00000001c3d00000] [id=5880]
  0x000001f77f2f1000 GCTaskThread "GC Thread#9" [stack: 0x00000001c3d00000,0x00000001c3e00000] [id=7292]
  0x000001f771f33000 ConcurrentGCThread "G1 Main Marker" [stack: 0x00000001c1a00000,0x00000001c1b00000] [id=1684]
  0x000001f771f35000 ConcurrentGCThread "G1 Conc#0" [stack: 0x00000001c1b00000,0x00000001c1c00000] [id=13728]
  0x000001f77f385000 ConcurrentGCThread "G1 Conc#1" [stack: 0x00000001c4100000,0x00000001c4200000] [id=7952]
  0x000001f77f9ef800 ConcurrentGCThread "G1 Conc#2" [stack: 0x00000001c4200000,0x00000001c4300000] [id=5988]
  0x000001f77d621800 ConcurrentGCThread "G1 Refine#0" [stack: 0x00000001c1c00000,0x00000001c1d00000] [id=10324]
  0x000001f77f2ff000 ConcurrentGCThread "G1 Refine#1" [stack: 0x00000001c3e00000,0x00000001c3f00000] [id=5036]
  0x000001f77d622000 ConcurrentGCThread "G1 Young RemSet Sampling" [stack: 0x00000001c1d00000,0x00000001c1e00000] [id=12980]

Threads with active compile tasks:

VM state:at safepoint (normal execution)

VM Mutex/Monitor currently owned by a thread:  ([mutex/lock_event])
[0x000001f76fd1b690] Threads_lock - owner thread: 0x000001f77d7d0000
[0x000001f76fd1bc30] Heap_lock - owner thread: 0x000001f77eb96000

Heap address: 0x0000000080000000, size: 2048 MB, Compressed Oops mode: 32-bit
Narrow klass base: 0x0000000000000000, Narrow klass shift: 3
Compressed class space size: 1073741824 Address: 0x0000000100000000

Heap:
 garbage-first heap   total 175104K, used 106686K [0x0000000080000000, 0x0000000100000000)
  region size 1024K, 1 young (1024K), 1 survivors (1024K)
 Metaspace       used 57744K, capacity 59418K, committed 59472K, reserved 1118208K
  class space    used 7368K, capacity 8052K, committed 8064K, reserved 1048576K
Heap Regions: E=young(eden), S=young(survivor), O=old, HS=humongous(starts), HC=humongous(continues), CS=collection set, F=free, A=archive, TAMS=top-at-mark-start (previous, next)
|   0|0x0000000080000000, 0x0000000080100000, 0x0000000080100000|100%| O|  |TAMS 0x0000000080100000, 0x0000000080100000| Untracked 
|   1|0x0000000080100000, 0x0000000080200000, 0x0000000080200000|100%| O|  |TAMS 0x0000000080200000, 0x0000000080200000| Untracked 
|   2|0x0000000080200000, 0x0000000080300000, 0x0000000080300000|100%| O|  |TAMS 0x0000000080300000, 0x0000000080300000| Untracked 
|   3|0x0000000080300000, 0x0000000080400000, 0x0000000080400000|100%|HS|  |TAMS 0x0000000080400000, 0x0000000080400000| Complete 
|   4|0x0000000080400000, 0x0000000080500000, 0x0000000080500000|100%|HC|  |TAMS 0x0000000080500000, 0x0000000080500000| Complete 
|   5|0x0000000080500000, 0x0000000080600000, 0x0000000080600000|100%|HC|  |TAMS 0x0000000080600000, 0x0000000080600000| Complete 
|   6|0x0000000080600000, 0x0000000080700000, 0x0000000080700000|100%| O|  |TAMS 0x0000000080700000, 0x0000000080700000| Untracked 
|   7|0x0000000080700000, 0x0000000080800000, 0x0000000080800000|100%| O|  |TAMS 0x0000000080800000, 0x0000000080800000| Untracked 
|   8|0x0000000080800000, 0x0000000080900000, 0x0000000080900000|100%| O|  |TAMS 0x0000000080900000, 0x0000000080900000| Untracked 
|   9|0x0000000080900000, 0x0000000080a00000, 0x0000000080a00000|100%| O|  |TAMS 0x0000000080a00000, 0x0000000080a00000| Untracked 
|  10|0x0000000080a00000, 0x0000000080b00000, 0x0000000080b00000|100%| O|  |TAMS 0x0000000080b00000, 0x0000000080b00000| Untracked 
|  11|0x0000000080b00000, 0x0000000080c00000, 0x0000000080c00000|100%| O|  |TAMS 0x0000000080c00000, 0x0000000080c00000| Untracked 
|  12|0x0000000080c00000, 0x0000000080d00000, 0x0000000080d00000|100%| O|  |TAMS 0x0000000080d00000, 0x0000000080d00000| Untracked 
|  13|0x0000000080d00000, 0x0000000080e00000, 0x0000000080e00000|100%| O|  |TAMS 0x0000000080e00000, 0x0000000080e00000| Untracked 
|  14|0x0000000080e00000, 0x0000000080f00000, 0x0000000080f00000|100%| O|  |TAMS 0x0000000080f00000, 0x0000000080f00000| Untracked 
|  15|0x0000000080f00000, 0x0000000081000000, 0x0000000081000000|100%| O|  |TAMS 0x0000000081000000, 0x0000000081000000| Untracked 
|  16|0x0000000081000000, 0x0000000081100000, 0x0000000081100000|100%|HS|  |TAMS 0x0000000081100000, 0x0000000081100000| Complete 
|  17|0x0000000081100000, 0x0000000081200000, 0x0000000081200000|100%|HC|  |TAMS 0x0000000081200000, 0x0000000081200000| Complete 
|  18|0x0000000081200000, 0x0000000081300000, 0x0000000081300000|100%|HS|  |TAMS 0x0000000081300000, 0x0000000081300000| Complete 
|  19|0x0000000081300000, 0x0000000081400000, 0x0000000081400000|100%|HC|  |TAMS 0x0000000081400000, 0x0000000081400000| Complete 
|  20|0x0000000081400000, 0x0000000081500000, 0x0000000081500000|100%|HC|  |TAMS 0x0000000081500000, 0x0000000081500000| Complete 
|  21|0x0000000081500000, 0x0000000081600000, 0x0000000081600000|100%|HS|  |TAMS 0x0000000081600000, 0x0000000081600000| Complete 
|  22|0x0000000081600000, 0x0000000081700000, 0x0000000081700000|100%|HC|  |TAMS 0x0000000081700000, 0x0000000081700000| Complete 
|  23|0x0000000081700000, 0x0000000081800000, 0x0000000081800000|100%|HC|  |TAMS 0x0000000081800000, 0x0000000081800000| Complete 
|  24|0x0000000081800000, 0x0000000081900000, 0x0000000081900000|100%|HS|  |TAMS 0x0000000081900000, 0x0000000081900000| Complete 
|  25|0x0000000081900000, 0x0000000081a00000, 0x0000000081a00000|100%|HC|  |TAMS 0x0000000081a00000, 0x0000000081a00000| Complete 
|  26|0x0000000081a00000, 0x0000000081b00000, 0x0000000081b00000|100%|HS|  |TAMS 0x0000000081b00000, 0x0000000081b00000| Complete 
|  27|0x0000000081b00000, 0x0000000081c00000, 0x0000000081c00000|100%|HC|  |TAMS 0x0000000081c00000, 0x0000000081c00000| Complete 
|  28|0x0000000081c00000, 0x0000000081d00000, 0x0000000081d00000|100%|HC|  |TAMS 0x0000000081d00000, 0x0000000081d00000| Complete 
|  29|0x0000000081d00000, 0x0000000081e00000, 0x0000000081e00000|100%|HC|  |TAMS 0x0000000081e00000, 0x0000000081e00000| Complete 
|  30|0x0000000081e00000, 0x0000000081f00000, 0x0000000081f00000|100%|HC|  |TAMS 0x0000000081f00000, 0x0000000081f00000| Complete 
|  31|0x0000000081f00000, 0x0000000082000000, 0x0000000082000000|100%|HS|  |TAMS 0x0000000082000000, 0x0000000082000000| Complete 
|  32|0x0000000082000000, 0x0000000082100000, 0x0000000082100000|100%|HC|  |TAMS 0x0000000082100000, 0x0000000082100000| Complete 
|  33|0x0000000082100000, 0x0000000082200000, 0x0000000082200000|100%|HC|  |TAMS 0x0000000082200000, 0x0000000082200000| Complete 
|  34|0x0000000082200000, 0x0000000082300000, 0x0000000082300000|100%|HC|  |TAMS 0x0000000082300000, 0x0000000082300000| Complete 
|  35|0x0000000082300000, 0x0000000082400000, 0x0000000082400000|100%|HC|  |TAMS 0x0000000082400000, 0x0000000082400000| Complete 
|  36|0x0000000082400000, 0x0000000082500000, 0x0000000082500000|100%|HC|  |TAMS 0x0000000082500000, 0x0000000082500000| Complete 
|  37|0x0000000082500000, 0x0000000082600000, 0x0000000082600000|100%|HC|  |TAMS 0x0000000082600000, 0x0000000082600000| Complete 
|  38|0x0000000082600000, 0x0000000082700000, 0x0000000082700000|100%|HC|  |TAMS 0x0000000082700000, 0x0000000082700000| Complete 
|  39|0x0000000082700000, 0x0000000082800000, 0x0000000082800000|100%|HC|  |TAMS 0x0000000082800000, 0x0000000082800000| Complete 
|  40|0x0000000082800000, 0x0000000082900000, 0x0000000082900000|100%|HC|  |TAMS 0x0000000082900000, 0x0000000082900000| Complete 
|  41|0x0000000082900000, 0x0000000082a00000, 0x0000000082a00000|100%|HS|  |TAMS 0x0000000082a00000, 0x0000000082a00000| Complete 
|  42|0x0000000082a00000, 0x0000000082b00000, 0x0000000082b00000|100%|HC|  |TAMS 0x0000000082b00000, 0x0000000082b00000| Complete 
|  43|0x0000000082b00000, 0x0000000082c00000, 0x0000000082c00000|100%| O|  |TAMS 0x0000000082c00000, 0x0000000082c00000| Untracked 
|  44|0x0000000082c00000, 0x0000000082d00000, 0x0000000082d00000|100%| O|  |TAMS 0x0000000082d00000, 0x0000000082d00000| Untracked 
|  45|0x0000000082d00000, 0x0000000082e00000, 0x0000000082e00000|100%| O|  |TAMS 0x0000000082e00000, 0x0000000082e00000| Untracked 
|  46|0x0000000082e00000, 0x0000000082f00000, 0x0000000082f00000|100%| O|  |TAMS 0x0000000082f00000, 0x0000000082f00000| Untracked 
|  47|0x0000000082f00000, 0x0000000083000000, 0x0000000083000000|100%| O|  |TAMS 0x0000000083000000, 0x0000000083000000| Untracked 
|  48|0x0000000083000000, 0x0000000083100000, 0x0000000083100000|100%| O|  |TAMS 0x0000000083100000, 0x0000000083100000| Untracked 
|  49|0x0000000083100000, 0x0000000083200000, 0x0000000083200000|100%| O|  |TAMS 0x0000000083200000, 0x0000000083200000| Untracked 
|  50|0x0000000083200000, 0x0000000083300000, 0x0000000083300000|100%| O|  |TAMS 0x0000000083300000, 0x0000000083300000| Untracked 
|  51|0x0000000083300000, 0x0000000083400000, 0x0000000083400000|100%| O|  |TAMS 0x0000000083400000, 0x0000000083400000| Untracked 
|  52|0x0000000083400000, 0x0000000083500000, 0x0000000083500000|100%|HS|  |TAMS 0x0000000083500000, 0x0000000083500000| Complete 
|  53|0x0000000083500000, 0x0000000083600000, 0x0000000083600000|100%|HC|  |TAMS 0x0000000083600000, 0x0000000083600000| Complete 
|  54|0x0000000083600000, 0x0000000083700000, 0x0000000083700000|100%|HC|  |TAMS 0x0000000083700000, 0x0000000083700000| Complete 
|  55|0x0000000083700000, 0x0000000083800000, 0x0000000083800000|100%|HC|  |TAMS 0x0000000083800000, 0x0000000083800000| Complete 
|  56|0x0000000083800000, 0x0000000083900000, 0x0000000083900000|100%|HC|  |TAMS 0x0000000083900000, 0x0000000083900000| Complete 
|  57|0x0000000083900000, 0x0000000083a00000, 0x0000000083a00000|100%|HC|  |TAMS 0x0000000083a00000, 0x0000000083a00000| Complete 
|  58|0x0000000083a00000, 0x0000000083b00000, 0x0000000083b00000|100%|HC|  |TAMS 0x0000000083b00000, 0x0000000083b00000| Complete 
|  59|0x0000000083b00000, 0x0000000083c00000, 0x0000000083c00000|100%|HC|  |TAMS 0x0000000083c00000, 0x0000000083c00000| Complete 
|  60|0x0000000083c00000, 0x0000000083d00000, 0x0000000083d00000|100%|HC|  |TAMS 0x0000000083d00000, 0x0000000083d00000| Complete 
|  61|0x0000000083d00000, 0x0000000083e00000, 0x0000000083e00000|100%|HC|  |TAMS 0x0000000083e00000, 0x0000000083e00000| Complete 
|  62|0x0000000083e00000, 0x0000000083f00000, 0x0000000083f00000|100%|HS|  |TAMS 0x0000000083f00000, 0x0000000083f00000| Complete 
|  63|0x0000000083f00000, 0x0000000084000000, 0x0000000084000000|100%|HC|  |TAMS 0x0000000084000000, 0x0000000084000000| Complete 
|  64|0x0000000084000000, 0x0000000084100000, 0x0000000084100000|100%| O|  |TAMS 0x0000000084100000, 0x0000000084100000| Untracked 
|  65|0x0000000084100000, 0x0000000084200000, 0x0000000084200000|100%| O|  |TAMS 0x0000000084200000, 0x0000000084200000| Untracked 
|  66|0x0000000084200000, 0x0000000084300000, 0x0000000084300000|100%| O|  |TAMS 0x0000000084300000, 0x0000000084300000| Untracked 
|  67|0x0000000084300000, 0x0000000084400000, 0x0000000084400000|100%| O|  |TAMS 0x0000000084400000, 0x0000000084400000| Untracked 
|  68|0x0000000084400000, 0x0000000084500000, 0x0000000084500000|100%| O|  |TAMS 0x0000000084500000, 0x0000000084500000| Untracked 
|  69|0x0000000084500000, 0x0000000084600000, 0x0000000084600000|100%| O|  |TAMS 0x0000000084600000, 0x0000000084600000| Untracked 
|  70|0x0000000084600000, 0x0000000084700000, 0x0000000084700000|100%|HS|  |TAMS 0x0000000084700000, 0x0000000084700000| Complete 
|  71|0x0000000084700000, 0x0000000084800000, 0x0000000084800000|100%|HC|  |TAMS 0x0000000084800000, 0x0000000084800000| Complete 
|  72|0x0000000084800000, 0x0000000084900000, 0x0000000084900000|100%|HC|  |TAMS 0x0000000084900000, 0x0000000084900000| Complete 
|  73|0x0000000084900000, 0x0000000084a00000, 0x0000000084a00000|100%|HS|  |TAMS 0x0000000084a00000, 0x0000000084a00000| Complete 
|  74|0x0000000084a00000, 0x0000000084b00000, 0x0000000084b00000|100%|HC|  |TAMS 0x0000000084b00000, 0x0000000084b00000| Complete 
|  75|0x0000000084b00000, 0x0000000084c00000, 0x0000000084c00000|100%|HS|  |TAMS 0x0000000084c00000, 0x0000000084c00000| Complete 
|  76|0x0000000084c00000, 0x0000000084d00000, 0x0000000084d00000|100%|HC|  |TAMS 0x0000000084d00000, 0x0000000084d00000| Complete 
|  77|0x0000000084d00000, 0x0000000084e00000, 0x0000000084e00000|100%|HC|  |TAMS 0x0000000084e00000, 0x0000000084e00000| Complete 
|  78|0x0000000084e00000, 0x0000000084f00000, 0x0000000084f00000|100%| O|  |TAMS 0x0000000084f00000, 0x0000000084f00000| Untracked 
|  79|0x0000000084f00000, 0x0000000085000000, 0x0000000085000000|100%| O|  |TAMS 0x0000000085000000, 0x0000000085000000| Untracked 
|  80|0x0000000085000000, 0x0000000085100000, 0x0000000085100000|100%| O|  |TAMS 0x0000000085100000, 0x0000000085100000| Untracked 
|  81|0x0000000085100000, 0x0000000085200000, 0x0000000085200000|100%| O|  |TAMS 0x0000000085200000, 0x0000000085200000| Untracked 
|  82|0x0000000085200000, 0x0000000085300000, 0x0000000085300000|100%| O|  |TAMS 0x0000000085300000, 0x0000000085300000| Untracked 
|  83|0x0000000085300000, 0x0000000085400000, 0x0000000085400000|100%| O|  |TAMS 0x0000000085400000, 0x0000000085400000| Untracked 
|  84|0x0000000085400000, 0x0000000085500000, 0x0000000085500000|100%| O|  |TAMS 0x0000000085500000, 0x0000000085500000| Untracked 
|  85|0x0000000085500000, 0x0000000085600000, 0x0000000085600000|100%|HS|  |TAMS 0x0000000085600000, 0x0000000085600000| Complete 
|  86|0x0000000085600000, 0x0000000085700000, 0x0000000085700000|100%|HC|  |TAMS 0x0000000085700000, 0x0000000085700000| Complete 
|  87|0x0000000085700000, 0x0000000085800000, 0x0000000085800000|100%|HC|  |TAMS 0x0000000085800000, 0x0000000085800000| Complete 
|  88|0x0000000085800000, 0x0000000085900000, 0x0000000085900000|100%|HC|  |TAMS 0x0000000085900000, 0x0000000085900000| Complete 
|  89|0x0000000085900000, 0x0000000085a00000, 0x0000000085a00000|100%|HC|  |TAMS 0x0000000085a00000, 0x0000000085a00000| Complete 
|  90|0x0000000085a00000, 0x0000000085b00000, 0x0000000085b00000|100%| O|  |TAMS 0x0000000085b00000, 0x0000000085b00000| Untracked 
|  91|0x0000000085b00000, 0x0000000085c00000, 0x0000000085c00000|100%| O|  |TAMS 0x0000000085c00000, 0x0000000085c00000| Untracked 
|  92|0x0000000085c00000, 0x0000000085d00000, 0x0000000085d00000|100%| O|  |TAMS 0x0000000085d00000, 0x0000000085d00000| Untracked 
|  93|0x0000000085d00000, 0x0000000085e00000, 0x0000000085e00000|100%| O|  |TAMS 0x0000000085e00000, 0x0000000085e00000| Untracked 
|  94|0x0000000085e00000, 0x0000000085f00000, 0x0000000085f00000|100%|HS|  |TAMS 0x0000000085f00000, 0x0000000085f00000| Complete 
|  95|0x0000000085f00000, 0x0000000086000000, 0x0000000086000000|100%|HS|  |TAMS 0x0000000086000000, 0x0000000086000000| Complete 
|  96|0x0000000086000000, 0x0000000086100000, 0x0000000086100000|100%| O|  |TAMS 0x0000000086100000, 0x0000000086100000| Untracked 
|  97|0x0000000086100000, 0x0000000086200000, 0x0000000086200000|100%| O|  |TAMS 0x0000000086121800, 0x0000000086200000| Untracked 
|  98|0x0000000086200000, 0x0000000086300000, 0x0000000086300000|100%| O|  |TAMS 0x0000000086200000, 0x0000000086300000| Untracked 
|  99|0x0000000086300000, 0x0000000086400000, 0x0000000086400000|100%| O|  |TAMS 0x0000000086300000, 0x0000000086400000| Untracked 
| 100|0x0000000086400000, 0x0000000086500000, 0x0000000086500000|100%| O|  |TAMS 0x0000000086400000, 0x0000000086500000| Untracked 
| 101|0x0000000086500000, 0x0000000086600000, 0x0000000086600000|100%| O|  |TAMS 0x0000000086500000, 0x0000000086600000| Untracked 
| 102|0x0000000086600000, 0x0000000086700000, 0x0000000086700000|100%| O|  |TAMS 0x0000000086600000, 0x0000000086700000| Untracked 
| 103|0x0000000086700000, 0x00000000867e9e00, 0x0000000086800000| 91%| O|  |TAMS 0x0000000086700000, 0x00000000867e9e00| Untracked 
| 104|0x0000000086800000, 0x0000000086800000, 0x0000000086900000|  0%| F|  |TAMS 0x0000000086800000, 0x0000000086800000| Untracked 
| 105|0x0000000086900000, 0x0000000086900000, 0x0000000086a00000|  0%| F|  |TAMS 0x0000000086900000, 0x0000000086900000| Untracked 
| 106|0x0000000086a00000, 0x0000000086a00000, 0x0000000086b00000|  0%| F|  |TAMS 0x0000000086a00000, 0x0000000086a00000| Untracked 
| 107|0x0000000086b00000, 0x0000000086b00000, 0x0000000086c00000|  0%| F|  |TAMS 0x0000000086b00000, 0x0000000086b00000| Untracked 
| 108|0x0000000086c00000, 0x0000000086c00000, 0x0000000086d00000|  0%| F|  |TAMS 0x0000000086c00000, 0x0000000086c00000| Untracked 
| 109|0x0000000086d00000, 0x0000000086d00000, 0x0000000086e00000|  0%| F|  |TAMS 0x0000000086d00000, 0x0000000086d00000| Untracked 
| 110|0x0000000086e00000, 0x0000000086e00000, 0x0000000086f00000|  0%| F|  |TAMS 0x0000000086e00000, 0x0000000086e00000| Untracked 
| 111|0x0000000086f00000, 0x0000000086f00000, 0x0000000087000000|  0%| F|  |TAMS 0x0000000086f00000, 0x0000000086f00000| Untracked 
| 112|0x0000000087000000, 0x0000000087000000, 0x0000000087100000|  0%| F|  |TAMS 0x0000000087000000, 0x0000000087000000| Untracked 
| 113|0x0000000087100000, 0x0000000087100000, 0x0000000087200000|  0%| F|  |TAMS 0x0000000087100000, 0x0000000087100000| Untracked 
| 114|0x0000000087200000, 0x0000000087200000, 0x0000000087300000|  0%| F|  |TAMS 0x0000000087200000, 0x0000000087200000| Untracked 
| 115|0x0000000087300000, 0x0000000087300000, 0x0000000087400000|  0%| F|  |TAMS 0x0000000087300000, 0x0000000087300000| Untracked 
| 116|0x0000000087400000, 0x0000000087400000, 0x0000000087500000|  0%| F|  |TAMS 0x0000000087400000, 0x0000000087400000| Untracked 
| 117|0x0000000087500000, 0x0000000087500000, 0x0000000087600000|  0%| F|  |TAMS 0x0000000087500000, 0x0000000087500000| Untracked 
| 118|0x0000000087600000, 0x0000000087600000, 0x0000000087700000|  0%| F|  |TAMS 0x0000000087600000, 0x0000000087600000| Untracked 
| 119|0x0000000087700000, 0x0000000087700000, 0x0000000087800000|  0%| F|  |TAMS 0x0000000087700000, 0x0000000087700000| Untracked 
| 120|0x0000000087800000, 0x0000000087800000, 0x0000000087900000|  0%| F|  |TAMS 0x0000000087800000, 0x0000000087800000| Untracked 
| 121|0x0000000087900000, 0x0000000087900000, 0x0000000087a00000|  0%| F|  |TAMS 0x0000000087900000, 0x0000000087900000| Untracked 
| 122|0x0000000087a00000, 0x0000000087a00000, 0x0000000087b00000|  0%| F|  |TAMS 0x0000000087a00000, 0x0000000087a00000| Untracked 
| 123|0x0000000087b00000, 0x0000000087b00000, 0x0000000087c00000|  0%| F|  |TAMS 0x0000000087b00000, 0x0000000087b00000| Untracked 
| 124|0x0000000087c00000, 0x0000000087c00000, 0x0000000087d00000|  0%| F|  |TAMS 0x0000000087c00000, 0x0000000087c00000| Untracked 
| 125|0x0000000087d00000, 0x0000000087d00000, 0x0000000087e00000|  0%| F|  |TAMS 0x0000000087d00000, 0x0000000087d00000| Untracked 
| 126|0x0000000087e00000, 0x0000000087e00000, 0x0000000087f00000|  0%| F|  |TAMS 0x0000000087e00000, 0x0000000087e00000| Untracked 
| 127|0x0000000087f00000, 0x0000000087f00000, 0x0000000088000000|  0%| F|  |TAMS 0x0000000087f00000, 0x0000000087f00000| Untracked 
| 128|0x0000000088000000, 0x0000000088000000, 0x0000000088100000|  0%| F|  |TAMS 0x0000000088000000, 0x0000000088000000| Untracked 
| 129|0x0000000088100000, 0x0000000088100000, 0x0000000088200000|  0%| F|  |TAMS 0x0000000088100000, 0x0000000088100000| Untracked 
| 130|0x0000000088200000, 0x0000000088200000, 0x0000000088300000|  0%| F|  |TAMS 0x0000000088200000, 0x0000000088200000| Untracked 
| 131|0x0000000088300000, 0x0000000088300000, 0x0000000088400000|  0%| F|  |TAMS 0x0000000088300000, 0x0000000088300000| Untracked 
| 132|0x0000000088400000, 0x0000000088400000, 0x0000000088500000|  0%| F|  |TAMS 0x0000000088400000, 0x0000000088400000| Untracked 
| 133|0x0000000088500000, 0x0000000088500000, 0x0000000088600000|  0%| F|  |TAMS 0x0000000088500000, 0x0000000088500000| Untracked 
| 134|0x0000000088600000, 0x0000000088600000, 0x0000000088700000|  0%| F|  |TAMS 0x0000000088600000, 0x0000000088600000| Untracked 
| 135|0x0000000088700000, 0x0000000088700000, 0x0000000088800000|  0%| F|  |TAMS 0x0000000088700000, 0x0000000088700000| Untracked 
| 136|0x0000000088800000, 0x0000000088800000, 0x0000000088900000|  0%| F|  |TAMS 0x0000000088800000, 0x0000000088800000| Untracked 
| 137|0x0000000088900000, 0x0000000088900000, 0x0000000088a00000|  0%| F|  |TAMS 0x0000000088900000, 0x0000000088900000| Untracked 
| 138|0x0000000088a00000, 0x0000000088a00000, 0x0000000088b00000|  0%| F|  |TAMS 0x0000000088a00000, 0x0000000088a00000| Untracked 
| 139|0x0000000088b00000, 0x0000000088b00000, 0x0000000088c00000|  0%| F|  |TAMS 0x0000000088b00000, 0x0000000088b00000| Untracked 
| 140|0x0000000088c00000, 0x0000000088c00000, 0x0000000088d00000|  0%| F|  |TAMS 0x0000000088c00000, 0x0000000088c00000| Untracked 
| 141|0x0000000088d00000, 0x0000000088d00000, 0x0000000088e00000|  0%| F|  |TAMS 0x0000000088d00000, 0x0000000088d00000| Untracked 
| 142|0x0000000088e00000, 0x0000000088e00000, 0x0000000088f00000|  0%| F|  |TAMS 0x0000000088e00000, 0x0000000088e00000| Untracked 
| 143|0x0000000088f00000, 0x0000000088f00000, 0x0000000089000000|  0%| F|  |TAMS 0x0000000088f00000, 0x0000000088f00000| Untracked 
| 144|0x0000000089000000, 0x0000000089000000, 0x0000000089100000|  0%| F|  |TAMS 0x0000000089000000, 0x0000000089000000| Untracked 
| 145|0x0000000089100000, 0x0000000089100000, 0x0000000089200000|  0%| F|  |TAMS 0x0000000089100000, 0x0000000089100000| Untracked 
| 146|0x0000000089200000, 0x0000000089200000, 0x0000000089300000|  0%| F|  |TAMS 0x0000000089200000, 0x0000000089200000| Untracked 
| 147|0x0000000089300000, 0x0000000089300000, 0x0000000089400000|  0%| F|  |TAMS 0x0000000089300000, 0x0000000089300000| Untracked 
| 148|0x0000000089400000, 0x0000000089400000, 0x0000000089500000|  0%| F|  |TAMS 0x0000000089400000, 0x0000000089400000| Untracked 
| 149|0x0000000089500000, 0x0000000089500000, 0x0000000089600000|  0%| F|  |TAMS 0x0000000089500000, 0x0000000089500000| Untracked 
| 150|0x0000000089600000, 0x0000000089600000, 0x0000000089700000|  0%| F|  |TAMS 0x0000000089600000, 0x0000000089600000| Untracked 
| 151|0x0000000089700000, 0x0000000089700000, 0x0000000089800000|  0%| F|  |TAMS 0x0000000089700000, 0x0000000089700000| Untracked 
| 152|0x0000000089800000, 0x0000000089800000, 0x0000000089900000|  0%| F|  |TAMS 0x0000000089800000, 0x0000000089800000| Untracked 
| 153|0x0000000089900000, 0x0000000089900000, 0x0000000089a00000|  0%| F|  |TAMS 0x0000000089900000, 0x0000000089900000| Untracked 
| 154|0x0000000089a00000, 0x0000000089a00000, 0x0000000089b00000|  0%| F|  |TAMS 0x0000000089a00000, 0x0000000089a00000| Untracked 
| 155|0x0000000089b00000, 0x0000000089b00000, 0x0000000089c00000|  0%| F|  |TAMS 0x0000000089b00000, 0x0000000089b00000| Untracked 
| 156|0x0000000089c00000, 0x0000000089c00000, 0x0000000089d00000|  0%| F|  |TAMS 0x0000000089c00000, 0x0000000089c00000| Untracked 
| 157|0x0000000089d00000, 0x0000000089d00000, 0x0000000089e00000|  0%| F|  |TAMS 0x0000000089d00000, 0x0000000089d00000| Untracked 
| 158|0x0000000089e00000, 0x0000000089e00000, 0x0000000089f00000|  0%| F|  |TAMS 0x0000000089e00000, 0x0000000089e00000| Untracked 
| 159|0x0000000089f00000, 0x0000000089f00000, 0x000000008a000000|  0%| F|  |TAMS 0x0000000089f00000, 0x0000000089f00000| Untracked 
| 160|0x000000008a000000, 0x000000008a000000, 0x000000008a100000|  0%| F|  |TAMS 0x000000008a000000, 0x000000008a000000| Untracked 
| 161|0x000000008a100000, 0x000000008a100000, 0x000000008a200000|  0%| F|  |TAMS 0x000000008a100000, 0x000000008a100000| Untracked 
| 162|0x000000008a200000, 0x000000008a200000, 0x000000008a300000|  0%| F|  |TAMS 0x000000008a200000, 0x000000008a200000| Untracked 
| 163|0x000000008a300000, 0x000000008a300000, 0x000000008a400000|  0%| F|  |TAMS 0x000000008a300000, 0x000000008a300000| Untracked 
| 164|0x000000008a400000, 0x000000008a400000, 0x000000008a500000|  0%| F|  |TAMS 0x000000008a400000, 0x000000008a400000| Untracked 
| 165|0x000000008a500000, 0x000000008a545d80, 0x000000008a600000| 27%| S|CS|TAMS 0x000000008a500000, 0x000000008a500000| Complete 
| 166|0x000000008a600000, 0x000000008a600000, 0x000000008a700000|  0%| F|  |TAMS 0x000000008a600000, 0x000000008a600000| Untracked 
| 167|0x000000008a700000, 0x000000008a700000, 0x000000008a800000|  0%| F|  |TAMS 0x000000008a700000, 0x000000008a700000| Untracked 
| 168|0x000000008a800000, 0x000000008a800000, 0x000000008a900000|  0%| F|  |TAMS 0x000000008a800000, 0x000000008a800000| Untracked 
| 169|0x000000008a900000, 0x000000008a900000, 0x000000008aa00000|  0%| F|  |TAMS 0x000000008a900000, 0x000000008a900000| Untracked 
| 170|0x000000008aa00000, 0x000000008aa00000, 0x000000008ab00000|  0%| F|  |TAMS 0x000000008aa00000, 0x000000008aa00000| Untracked 

Card table byte_map: [0x000001f776350000,0x000001f776750000] _byte_map_base: 0x000001f775f50000

Marking Bits (Prev, Next): (CMBitMap*) 0x000001f771f2a4c8, (CMBitMap*) 0x000001f771f2a500
 Prev Bits: [0x000001f776b50000, 0x000001f778b50000)
 Next Bits: [0x000001f778b50000, 0x000001f77ab50000)

Polling page: 0x000001f7716b0000

Metaspace:

Usage:
  Non-class:     50.16 MB capacity,    49.20 MB ( 98%) used,   827.22 KB (  2%) free+waste,   162.94 KB ( <1%) overhead. 
      Class:      7.86 MB capacity,     7.20 MB ( 92%) used,   604.49 KB (  8%) free+waste,    78.94 KB ( <1%) overhead. 
       Both:     58.03 MB capacity,    56.39 MB ( 97%) used,     1.40 MB (  2%) free+waste,   241.88 KB ( <1%) overhead. 

Virtual space:
  Non-class space:       68.00 MB reserved,      50.20 MB ( 74%) committed 
      Class space:        1.00 GB reserved,       7.88 MB ( <1%) committed 
             Both:        1.07 GB reserved,      58.08 MB (  5%) committed 

Chunk freelists:
   Non-Class:  42.00 KB
       Class:  12.00 KB
        Both:  54.00 KB

MaxMetaspaceSize: 17179869184.00 GB
CompressedClassSpaceSize: 1.00 GB
Initial GC threshold: 20.80 MB
Current GC threshold: 88.58 MB
CDS: off

CodeHeap 'non-profiled nmethods': size=120000Kb used=3658Kb max_used=3658Kb free=116341Kb
 bounds [0x000001f707ad0000, 0x000001f707e70000, 0x000001f70f000000]
CodeHeap 'profiled nmethods': size=120000Kb used=12223Kb max_used=12223Kb free=107776Kb
 bounds [0x000001f7005a0000, 0x000001f701190000, 0x000001f707ad0000]
CodeHeap 'non-nmethods': size=5760Kb used=2321Kb max_used=2360Kb free=3439Kb
 bounds [0x000001f700000000, 0x000001f700270000, 0x000001f7005a0000]
 total_blobs=6689 nmethods=5860 adapters=741
 compilation: enabled
              stopped_count=0, restarted_count=0
 full_count=0

Compilation events (20 events):
Event: 5.073 Thread 0x000001f77e192800 5854       3       org.gradle.internal.event.DefaultListenerManager$EventBroadcast::takeOwnership (45 bytes)
Event: 5.073 Thread 0x000001f77e192800 nmethod 5854 0x000001f701187990 code [0x000001f701187cc0, 0x000001f701188f88]
Event: 5.073 Thread 0x000001f77e192800 5853       3       com.google.common.collect.ImmutableSet::builder (8 bytes)
Event: 5.074 Thread 0x000001f77e192800 nmethod 5853 0x000001f701189610 code [0x000001f701189800, 0x000001f701189bc8]
Event: 5.074 Thread 0x000001f77e192800 5856       1       org.gradle.internal.dispatch.ProxyDispatchAdapter::getSource (5 bytes)
Event: 5.074 Thread 0x000001f77e192800 nmethod 5856 0x000001f707e61f10 code [0x000001f707e620c0, 0x000001f707e62178]
Event: 5.082 Thread 0x000001f77e192800 5857       3       sun.reflect.annotation.AnnotationParser::parseAnnotations2 (135 bytes)
Event: 5.082 Thread 0x000001f77e199000 5860       4       java.util.WeakHashMap::newTable (5 bytes)
Event: 5.083 Thread 0x000001f77e192800 nmethod 5857 0x000001f701189d90 code [0x000001f70118a180, 0x000001f70118bb38]
Event: 5.083 Thread 0x000001f77e192800 5858       3       org.gradle.internal.instantiation.generator.AbstractClassGenerator$InjectionAnnotationValidator::validateMethod (166 bytes)
Event: 5.083 Thread 0x000001f77e199000 nmethod 5860 0x000001f707e62210 code [0x000001f707e623a0, 0x000001f707e624d8]
Event: 5.083 Thread 0x000001f77e192800 nmethod 5858 0x000001f70118c690 code [0x000001f70118ca20, 0x000001f70118e0a8]
Event: 5.083 Thread 0x000001f77e192800 5859       3       org.objectweb.asm.SymbolTable::addConstantIntegerOrFloat (100 bytes)
Event: 5.084 Thread 0x000001f77e192800 nmethod 5859 0x000001f70118e790 code [0x000001f70118e9c0, 0x000001f70118ef78]
Event: 5.120 Thread 0x000001f77e196000 5861       4       kotlin.jvm.internal.Intrinsics::checkNotNullParameter (9 bytes)
Event: 5.120 Thread 0x000001f77e196000 nmethod 5861 0x000001f707e62590 code [0x000001f707e62720, 0x000001f707e62778]
Event: 5.129 Thread 0x000001f77e192800 5862       3       java.util.Collections$SingletonSet::contains (9 bytes)
Event: 5.129 Thread 0x000001f77e192800 nmethod 5862 0x000001f70118f290 code [0x000001f70118f460, 0x000001f70118f748]
Event: 5.130 Thread 0x000001f77e192800 5863       3       java.lang.invoke.MethodType::methodType (14 bytes)
Event: 5.130 Thread 0x000001f77e192800 nmethod 5863 0x000001f70118f810 code [0x000001f70118f9e0, 0x000001f70118fd08]

GC Heap History (20 events):
Event: 3.576 GC heap before
{Heap before GC invocations=10 (full 0):
 garbage-first heap   total 145408K, used 113155K [0x0000000080000000, 0x0000000100000000)
  region size 1024K, 49 young (50176K), 6 survivors (6144K)
 Metaspace       used 44163K, capacity 45297K, committed 45520K, reserved 1089536K
  class space    used 5664K, capacity 6111K, committed 6144K, reserved 1048576K
}
Event: 3.582 GC heap after
{Heap after GC invocations=11 (full 0):
 garbage-first heap   total 145408K, used 74278K [0x0000000080000000, 0x0000000100000000)
  region size 1024K, 4 young (4096K), 4 survivors (4096K)
 Metaspace       used 44163K, capacity 45297K, committed 45520K, reserved 1089536K
  class space    used 5664K, capacity 6111K, committed 6144K, reserved 1048576K
}
Event: 3.710 GC heap before
{Heap before GC invocations=12 (full 0):
 garbage-first heap   total 145408K, used 96806K [0x0000000080000000, 0x0000000100000000)
  region size 1024K, 20 young (20480K), 4 survivors (4096K)
 Metaspace       used 44846K, capacity 46082K, committed 46160K, reserved 1089536K
  class space    used 5743K, capacity 6242K, committed 6272K, reserved 1048576K
}
Event: 3.714 GC heap after
{Heap after GC invocations=13 (full 0):
 garbage-first heap   total 145408K, used 84944K [0x0000000080000000, 0x0000000100000000)
  region size 1024K, 6 young (6144K), 6 survivors (6144K)
 Metaspace       used 44846K, capacity 46082K, committed 46160K, reserved 1089536K
  class space    used 5743K, capacity 6242K, committed 6272K, reserved 1048576K
}
Event: 3.962 GC heap before
{Heap before GC invocations=14 (full 0):
 garbage-first heap   total 145408K, used 118736K [0x0000000080000000, 0x0000000100000000)
  region size 1024K, 39 young (39936K), 6 survivors (6144K)
 Metaspace       used 47193K, capacity 48491K, committed 48720K, reserved 1091584K
  class space    used 5966K, capacity 6464K, committed 6528K, reserved 1048576K
}
Event: 3.965 GC heap after
{Heap after GC invocations=15 (full 0):
 garbage-first heap   total 145408K, used 87099K [0x0000000080000000, 0x0000000100000000)
  region size 1024K, 5 young (5120K), 5 survivors (5120K)
 Metaspace       used 47193K, capacity 48491K, committed 48720K, reserved 1091584K
  class space    used 5966K, capacity 6464K, committed 6528K, reserved 1048576K
}
Event: 4.114 GC heap before
{Heap before GC invocations=15 (full 0):
 garbage-first heap   total 145408K, used 104507K [0x0000000080000000, 0x0000000100000000)
  region size 1024K, 23 young (23552K), 5 survivors (5120K)
 Metaspace       used 48480K, capacity 49809K, committed 50000K, reserved 1093632K
  class space    used 6177K, capacity 6690K, committed 6784K, reserved 1048576K
}
Event: 4.117 GC heap after
{Heap after GC invocations=16 (full 0):
 garbage-first heap   total 145408K, used 88450K [0x0000000080000000, 0x0000000100000000)
  region size 1024K, 2 young (2048K), 2 survivors (2048K)
 Metaspace       used 48480K, capacity 49809K, committed 50000K, reserved 1093632K
  class space    used 6177K, capacity 6690K, committed 6784K, reserved 1048576K
}
Event: 4.319 GC heap before
{Heap before GC invocations=17 (full 0):
 garbage-first heap   total 145408K, used 121218K [0x0000000080000000, 0x0000000100000000)
  region size 1024K, 29 young (29696K), 2 survivors (2048K)
 Metaspace       used 50317K, capacity 51737K, committed 51920K, reserved 1093632K
  class space    used 6487K, capacity 7057K, committed 7168K, reserved 1048576K
}
Event: 4.321 GC heap after
{Heap after GC invocations=18 (full 0):
 garbage-first heap   total 145408K, used 95256K [0x0000000080000000, 0x0000000100000000)
  region size 1024K, 4 young (4096K), 4 survivors (4096K)
 Metaspace       used 50317K, capacity 51737K, committed 51920K, reserved 1093632K
  class space    used 6487K, capacity 7057K, committed 7168K, reserved 1048576K
}
Event: 4.567 GC heap before
{Heap before GC invocations=18 (full 0):
 garbage-first heap   total 145408K, used 119832K [0x0000000080000000, 0x0000000100000000)
  region size 1024K, 28 young (28672K), 4 survivors (4096K)
 Metaspace       used 51822K, capacity 53271K, committed 53584K, reserved 1095680K
  class space    used 6658K, capacity 7223K, committed 7296K, reserved 1048576K
}
Event: 4.570 GC heap after
{Heap after GC invocations=19 (full 0):
 garbage-first heap   total 145408K, used 96614K [0x0000000080000000, 0x0000000100000000)
  region size 1024K, 4 young (4096K), 4 survivors (4096K)
 Metaspace       used 51822K, capacity 53271K, committed 53584K, reserved 1095680K
  class space    used 6658K, capacity 7223K, committed 7296K, reserved 1048576K
}
Event: 4.710 GC heap before
{Heap before GC invocations=20 (full 0):
 garbage-first heap   total 145408K, used 115046K [0x0000000080000000, 0x0000000100000000)
  region size 1024K, 24 young (24576K), 4 survivors (4096K)
 Metaspace       used 52167K, capacity 53692K, committed 53840K, reserved 1095680K
  class space    used 6690K, capacity 7295K, committed 7296K, reserved 1048576K
}
Event: 4.713 GC heap after
{Heap after GC invocations=21 (full 0):
 garbage-first heap   total 145408K, used 97499K [0x0000000080000000, 0x0000000100000000)
  region size 1024K, 3 young (3072K), 3 survivors (3072K)
 Metaspace       used 52167K, capacity 53692K, committed 53840K, reserved 1095680K
  class space    used 6690K, capacity 7295K, committed 7296K, reserved 1048576K
}
Event: 4.781 GC heap before
{Heap before GC invocations=22 (full 0):
 garbage-first heap   total 145408K, used 107739K [0x0000000080000000, 0x0000000100000000)
  region size 1024K, 12 young (12288K), 3 survivors (3072K)
 Metaspace       used 52557K, capacity 54162K, committed 54224K, reserved 1095680K
  class space    used 6754K, capacity 7369K, committed 7424K, reserved 1048576K
}
Event: 4.784 GC heap after
{Heap after GC invocations=23 (full 0):
 garbage-first heap   total 175104K, used 103558K [0x0000000080000000, 0x0000000100000000)
  region size 1024K, 4 young (4096K), 4 survivors (4096K)
 Metaspace       used 52557K, capacity 54162K, committed 54224K, reserved 1095680K
  class space    used 6754K, capacity 7369K, committed 7424K, reserved 1048576K
}
Event: 5.102 GC heap before
{Heap before GC invocations=24 (full 0):
 garbage-first heap   total 175104K, used 142470K [0x0000000080000000, 0x0000000100000000)
  region size 1024K, 41 young (41984K), 4 survivors (4096K)
 Metaspace       used 56975K, capacity 58704K, committed 58960K, reserved 1110016K
  class space    used 7278K, capacity 7984K, committed 8064K, reserved 1048576K
}
Event: 5.104 GC heap after
{Heap after GC invocations=25 (full 0):
 garbage-first heap   total 175104K, used 106434K [0x0000000080000000, 0x0000000100000000)
  region size 1024K, 3 young (3072K), 3 survivors (3072K)
 Metaspace       used 56975K, capacity 58704K, committed 58960K, reserved 1110016K
  class space    used 7278K, capacity 7984K, committed 8064K, reserved 1048576K
}
Event: 5.133 GC heap before
{Heap before GC invocations=25 (full 0):
 garbage-first heap   total 175104K, used 110530K [0x0000000080000000, 0x0000000100000000)
  region size 1024K, 8 young (8192K), 3 survivors (3072K)
 Metaspace       used 57744K, capacity 59418K, committed 59472K, reserved 1116160K
  class space    used 7368K, capacity 8052K, committed 8064K, reserved 1048576K
}
Event: 5.135 GC heap after
{Heap after GC invocations=26 (full 0):
 garbage-first heap   total 175104K, used 106686K [0x0000000080000000, 0x0000000100000000)
  region size 1024K, 1 young (1024K), 1 survivors (1024K)
 Metaspace       used 57744K, capacity 59418K, committed 59472K, reserved 1116160K
  class space    used 7368K, capacity 8052K, committed 8064K, reserved 1048576K
}

Deoptimization events (20 events):
Event: 4.944 Thread 0x000001f77eb96000 Uncommon trap: trap_request=0xffffff4d fr.pc=0x000001f707b24bfc relative=0x000000000000043c
Event: 4.944 Thread 0x000001f77eb96000 Uncommon trap: reason=unstable_if action=reinterpret pc=0x000001f707b24bfc method=java.lang.AbstractStringBuilder.putStringAt(ILjava/lang/String;)V @ 8 c2
Event: 4.944 Thread 0x000001f77eb96000 DEOPT PACKING pc=0x000001f707b24bfc sp=0x00000001c32f4350
Event: 4.944 Thread 0x000001f77eb96000 DEOPT UNPACKING pc=0x000001f70004a1af sp=0x00000001c32f42c0 mode 2
Event: 5.006 Thread 0x000001f77eb96000 Uncommon trap: trap_request=0xffffff4d fr.pc=0x000001f707c64ca0 relative=0x0000000000000920
Event: 5.006 Thread 0x000001f77eb96000 Uncommon trap: reason=unstable_if action=reinterpret pc=0x000001f707c64ca0 method=java.io.BufferedInputStream.read([BII)I @ 56 c2
Event: 5.006 Thread 0x000001f77eb96000 DEOPT PACKING pc=0x000001f707c64ca0 sp=0x00000001c32f62a0
Event: 5.006 Thread 0x000001f77eb96000 DEOPT UNPACKING pc=0x000001f70004a1af sp=0x00000001c32f6258 mode 2
Event: 5.057 Thread 0x000001f77eb96000 Uncommon trap: trap_request=0xffffff4d fr.pc=0x000001f707e39184 relative=0x0000000000000324
Event: 5.057 Thread 0x000001f77eb96000 Uncommon trap: reason=unstable_if action=reinterpret pc=0x000001f707e39184 method=org.gradle.internal.instantiation.generator.AbstractClassGenerator$InjectionAnnotationValidator.validateMethod(Ljava/lang/reflect/Method;Lorg/gradle/internal/reflect/Propert
Event: 5.058 Thread 0x000001f77eb96000 DEOPT PACKING pc=0x000001f707e39184 sp=0x00000001c32f6630
Event: 5.058 Thread 0x000001f77eb96000 DEOPT UNPACKING pc=0x000001f70004a1af sp=0x00000001c32f65f8 mode 2
Event: 5.058 Thread 0x000001f77eb96000 Uncommon trap: trap_request=0xffffff4d fr.pc=0x000001f707e3a508 relative=0x00000000000003e8
Event: 5.058 Thread 0x000001f77eb96000 Uncommon trap: reason=unstable_if action=reinterpret pc=0x000001f707e3a508 method=org.gradle.internal.instantiation.generator.AbstractClassGenerator$InjectionAnnotationValidator.validateMethod(Ljava/lang/reflect/Method;Lorg/gradle/internal/reflect/Propert
Event: 5.058 Thread 0x000001f77eb96000 DEOPT PACKING pc=0x000001f707e3a508 sp=0x00000001c32f6590
Event: 5.058 Thread 0x000001f77eb96000 DEOPT UNPACKING pc=0x000001f70004a1af sp=0x00000001c32f6550 mode 2
Event: 5.104 Thread 0x000001f77e2f8800 Uncommon trap: trap_request=0xffffffde fr.pc=0x000001f707c4606c relative=0x000000000000052c
Event: 5.104 Thread 0x000001f77e2f8800 Uncommon trap: reason=class_check action=maybe_recompile pc=0x000001f707c4606c method=jdk.internal.ref.PhantomCleanable.clean()V @ 12 c2
Event: 5.104 Thread 0x000001f77e2f8800 DEOPT PACKING pc=0x000001f707c4606c sp=0x00000001c27feea0
Event: 5.104 Thread 0x000001f77e2f8800 DEOPT UNPACKING pc=0x000001f70004a1af sp=0x00000001c27fee80 mode 2

Classes redefined (0 events):
No events

Internal exceptions (20 events):
Event: 4.753 Thread 0x000001f77eb96000 Exception <a 'java/security/PrivilegedActionException'{0x0000000088a55910}> (0x0000000088a55910) thrown at [src/hotspot/share/prims/jvm.cpp, line 1306]
Event: 4.753 Thread 0x000001f77eb96000 Exception <a 'java/security/PrivilegedActionException'{0x0000000088a56e78}> (0x0000000088a56e78) thrown at [src/hotspot/share/prims/jvm.cpp, line 1306]
Event: 4.753 Thread 0x000001f77eb96000 Exception <a 'java/security/PrivilegedActionException'{0x0000000088a5a268}> (0x0000000088a5a268) thrown at [src/hotspot/share/prims/jvm.cpp, line 1306]
Event: 4.753 Thread 0x000001f77eb96000 Exception <a 'java/security/PrivilegedActionException'{0x0000000088a5b7d0}> (0x0000000088a5b7d0) thrown at [src/hotspot/share/prims/jvm.cpp, line 1306]
Event: 4.753 Thread 0x000001f77eb96000 Exception <a 'java/security/PrivilegedActionException'{0x0000000088a5ec78}> (0x0000000088a5ec78) thrown at [src/hotspot/share/prims/jvm.cpp, line 1306]
Event: 4.753 Thread 0x000001f77eb96000 Exception <a 'java/security/PrivilegedActionException'{0x0000000088a601e0}> (0x0000000088a601e0) thrown at [src/hotspot/share/prims/jvm.cpp, line 1306]
Event: 4.753 Thread 0x000001f77eb96000 Exception <a 'java/security/PrivilegedActionException'{0x0000000088a635d8}> (0x0000000088a635d8) thrown at [src/hotspot/share/prims/jvm.cpp, line 1306]
Event: 4.753 Thread 0x000001f77eb96000 Exception <a 'java/security/PrivilegedActionException'{0x0000000088a64b40}> (0x0000000088a64b40) thrown at [src/hotspot/share/prims/jvm.cpp, line 1306]
Event: 4.753 Thread 0x000001f77eb96000 Exception <a 'java/security/PrivilegedActionException'{0x0000000088a67f88}> (0x0000000088a67f88) thrown at [src/hotspot/share/prims/jvm.cpp, line 1306]
Event: 4.753 Thread 0x000001f77eb96000 Exception <a 'java/security/PrivilegedActionException'{0x0000000088a694f0}> (0x0000000088a694f0) thrown at [src/hotspot/share/prims/jvm.cpp, line 1306]
Event: 4.753 Thread 0x000001f77eb96000 Exception <a 'java/security/PrivilegedActionException'{0x0000000088a6c998}> (0x0000000088a6c998) thrown at [src/hotspot/share/prims/jvm.cpp, line 1306]
Event: 4.753 Thread 0x000001f77eb96000 Exception <a 'java/security/PrivilegedActionException'{0x0000000088a6df00}> (0x0000000088a6df00) thrown at [src/hotspot/share/prims/jvm.cpp, line 1306]
Event: 4.871 Thread 0x000001f77eb96000 Exception <a 'java/lang/NoSuchMethodError'{0x000000008a0e2d08}: 'java.lang.Object java.lang.invoke.DirectMethodHandle$Holder.invokeStatic(java.lang.Object, java.lang.Object, java.lang.Object, java.lang.Object, int)'> (0x000000008a0e2d08) thrown at [src/hotspot/share/interpreter/linkResolver.cpp, line 773]
Event: 4.871 Thread 0x000001f77eb96000 Exception <a 'java/lang/NoSuchMethodError'{0x000000008a0e79a8}: 'java.lang.Object java.lang.invoke.DirectMethodHandle$Holder.invokeSpecial(java.lang.Object, java.lang.Object, java.lang.Object, java.lang.Object, java.lang.Object, int)'> (0x000000008a0e79a8) thrown at [src/hotspot/share/interpreter/linkResolver.cpp, line 773]
Event: 4.871 Thread 0x000001f77eb96000 Exception <a 'java/lang/NoSuchMethodError'{0x000000008a0ec290}: 'java.lang.Object java.lang.invoke.Invokers$Holder.linkToTargetMethod(java.lang.Object, java.lang.Object, java.lang.Object, int, java.lang.Object)'> (0x000000008a0ec290) thrown at [src/hotspot/share/interpreter/linkResolver.cpp, line 773]
Event: 4.879 Thread 0x000001f77eb96000 Exception <a 'java/lang/NoSuchMethodError'{0x0000000089fb8858}: 'java.lang.Object java.lang.invoke.Invokers$Holder.linkToTargetMethod(java.lang.Object, int, int, java.lang.Object)'> (0x0000000089fb8858) thrown at [src/hotspot/share/interpreter/linkResolver.cpp, line 773]
Event: 4.880 Thread 0x000001f77eb96000 Exception <a 'java/lang/NoSuchMethodError'{0x0000000089fd0aa8}: 'java.lang.Object java.lang.invoke.DirectMethodHandle$Holder.invokeStatic(java.lang.Object, java.lang.Object, int, int, java.lang.Object, java.lang.Object)'> (0x0000000089fd0aa8) thrown at [src/hotspot/share/interpreter/linkResolver.cpp, line 773]
Event: 5.024 Thread 0x000001f77eb96000 Exception <a 'java/lang/NoSuchMethodError'{0x0000000088fee118}: 'java.lang.Object java.lang.invoke.DirectMethodHandle$Holder.invokeStatic(java.lang.Object, java.lang.Object, java.lang.Object, java.lang.Object, java.lang.Object, java.lang.Object, java.lang.Object, java.lang.Object, java.lang.Object, java.lang.Object, java.lang.Object, java.lang.Object, java.lang.Object, int)'> (0x0000000088fee118) thrown at [src/hotspot/share/interpreter/linkResolver.cpp, line 773]
Event: 5.024 Thread 0x000001f77eb96000 Exception <a 'java/lang/NoSuchMethodError'{0x0000000088ffbb00}: 'java.lang.Object java.lang.invoke.DirectMethodHandle$Holder.invokeStatic(java.lang.Object, java.lang.Object, java.lang.Object, java.lang.Object, java.lang.Object, java.lang.Object, java.lang.Object, java.lang.Object, java.lang.Object, java.lang.Object, java.lang.Object, java.lang.Object, java.lang.Object, int, int)'> (0x0000000088ffbb00) thrown at [src/hotspot/share/interpreter/linkResolver.cpp, line 773]
Event: 5.048 Thread 0x000001f77eb96000 Exception <a 'java/lang/NoSuchMethodError'{0x0000000088c58e78}: 'int java.lang.invoke.DirectMethodHandle$Holder.invokeInterface(java.lang.Object, java.lang.Object, java.lang.Object, java.lang.Object)'> (0x0000000088c58e78) thrown at [src/hotspot/share/interpreter/linkResolver.cpp, line 773]

Events (20 events):
Event: 5.132 loading class java/time/temporal/IsoFields$Field$3 done
Event: 5.132 loading class java/time/temporal/IsoFields$Field$4
Event: 5.132 loading class java/time/temporal/IsoFields$Field$4 done
Event: 5.132 loading class java/time/temporal/IsoFields$Unit
Event: 5.132 loading class java/time/temporal/IsoFields$Unit done
Event: 5.132 loading class java/time/temporal/JulianFields
Event: 5.132 loading class java/time/temporal/JulianFields done
Event: 5.132 loading class java/time/temporal/JulianFields$Field
Event: 5.132 loading class java/time/temporal/JulianFields$Field done
Event: 5.132 loading class java/time/format/DateTimeFormatterBuilder$2
Event: 5.132 loading class java/time/format/DateTimeFormatterBuilder$2 done
Event: 5.132 loading class java/time/format/SignStyle
Event: 5.132 loading class java/time/format/SignStyle done
Event: 5.132 loading class java/time/format/DateTimeFormatterBuilder$NumberPrinterParser
Event: 5.132 loading class java/time/format/DateTimeFormatterBuilder$DateTimePrinterParser
Event: 5.132 loading class java/time/format/DateTimeFormatterBuilder$DateTimePrinterParser done
Event: 5.132 loading class java/time/format/DateTimeFormatterBuilder$NumberPrinterParser done
Event: 5.132 loading class java/time/format/DateTimeFormatterBuilder$CharLiteralPrinterParser
Event: 5.133 loading class java/time/format/DateTimeFormatterBuilder$CharLiteralPrinterParser done
Event: 5.133 Executing VM operation: CollectForMetadataAllocation


Dynamic libraries:
0x00007ff72c550000 - 0x00007ff72c55a000 	C:\Program Files\Android\Android Studio\jbr\bin\java.exe
0x00007ffaa0090000 - 0x00007ffaa02a6000 	C:\WINDOWS\SYSTEM32\ntdll.dll
0x00007ffa9e050000 - 0x00007ffa9e114000 	C:\WINDOWS\System32\KERNEL32.DLL
0x00007ffa9d910000 - 0x00007ffa9dcb6000 	C:\WINDOWS\System32\KERNELBASE.dll
0x00007ffa9d680000 - 0x00007ffa9d791000 	C:\WINDOWS\System32\ucrtbase.dll
0x00007ffa968b0000 - 0x00007ffa968c7000 	C:\Program Files\Android\Android Studio\jbr\bin\jli.dll
0x00007ffa852e0000 - 0x00007ffa852fb000 	C:\Program Files\Android\Android Studio\jbr\bin\VCRUNTIME140.dll
0x00007ffa9e280000 - 0x00007ffa9e42d000 	C:\WINDOWS\System32\USER32.dll
0x00007ffa9d3d0000 - 0x00007ffa9d3f6000 	C:\WINDOWS\System32\win32u.dll
0x00007ffa8ee80000 - 0x00007ffa8f113000 	C:\WINDOWS\WinSxS\amd64_microsoft.windows.common-controls_6595b64144ccf1df_6.0.22621.3235_none_270f74e173860f98\COMCTL32.dll
0x00007ffa9eff0000 - 0x00007ffa9f019000 	C:\WINDOWS\System32\GDI32.dll
0x00007ffa9dcc0000 - 0x00007ffa9ddd8000 	C:\WINDOWS\System32\gdi32full.dll
0x00007ffa9e4b0000 - 0x00007ffa9e557000 	C:\WINDOWS\System32\msvcrt.dll
0x00007ffa9d5e0000 - 0x00007ffa9d67a000 	C:\WINDOWS\System32\msvcp_win.dll
0x00007ffa9f720000 - 0x00007ffa9f751000 	C:\WINDOWS\System32\IMM32.DLL
0x00007ffa8bee0000 - 0x00007ffa8beec000 	C:\Program Files\Android\Android Studio\jbr\bin\vcruntime140_1.dll
0x00007ffa77760000 - 0x00007ffa777ed000 	C:\Program Files\Android\Android Studio\jbr\bin\msvcp140.dll
0x00007ffa4aa40000 - 0x00007ffa4b5fc000 	C:\Program Files\Android\Android Studio\jbr\bin\server\jvm.dll
0x00007ffa9dde0000 - 0x00007ffa9de92000 	C:\WINDOWS\System32\ADVAPI32.dll
0x00007ffa9deb0000 - 0x00007ffa9df58000 	C:\WINDOWS\System32\sechost.dll
0x00007ffa9d7a0000 - 0x00007ffa9d7c8000 	C:\WINDOWS\System32\bcrypt.dll
0x00007ffa9f910000 - 0x00007ffa9fa25000 	C:\WINDOWS\System32\RPCRT4.dll
0x00007ffa9e040000 - 0x00007ffa9e048000 	C:\WINDOWS\System32\PSAPI.DLL
0x00007ffa93e60000 - 0x00007ffa93e94000 	C:\WINDOWS\SYSTEM32\WINMM.dll
0x00007ffa9a670000 - 0x00007ffa9a679000 	C:\WINDOWS\SYSTEM32\WSOCK32.dll
0x00007ffa94ef0000 - 0x00007ffa94efa000 	C:\WINDOWS\SYSTEM32\VERSION.dll
0x00007ffa9f020000 - 0x00007ffa9f091000 	C:\WINDOWS\System32\WS2_32.dll
0x00007ffa9c460000 - 0x00007ffa9c478000 	C:\WINDOWS\SYSTEM32\kernel.appcore.dll
0x00007ffa9a660000 - 0x00007ffa9a670000 	C:\Program Files\Android\Android Studio\jbr\bin\verify.dll
0x00007ffa87100000 - 0x00007ffa87333000 	C:\WINDOWS\SYSTEM32\DBGHELP.DLL
0x00007ffa9f0d0000 - 0x00007ffa9f458000 	C:\WINDOWS\System32\combase.dll
0x00007ffa9df60000 - 0x00007ffa9e037000 	C:\WINDOWS\System32\OLEAUT32.dll
0x00007ffa87010000 - 0x00007ffa87042000 	C:\WINDOWS\SYSTEM32\dbgcore.DLL
0x00007ffa9d890000 - 0x00007ffa9d90a000 	C:\WINDOWS\System32\bcryptPrimitives.dll
0x00007ffa9a5f0000 - 0x00007ffa9a618000 	C:\Program Files\Android\Android Studio\jbr\bin\java.dll
0x00007ffa9a650000 - 0x00007ffa9a65a000 	C:\Program Files\Android\Android Studio\jbr\bin\jimage.dll
0x00007ffa9a570000 - 0x00007ffa9a588000 	C:\Program Files\Android\Android Studio\jbr\bin\zip.dll
0x00007ffa9e560000 - 0x00007ffa9edbd000 	C:\WINDOWS\System32\SHELL32.dll
0x00007ffa9b2f0000 - 0x00007ffa9bbe8000 	C:\WINDOWS\SYSTEM32\windows.storage.dll
0x00007ffa9b1b0000 - 0x00007ffa9b2ee000 	C:\WINDOWS\SYSTEM32\wintypes.dll
0x00007ffa9f620000 - 0x00007ffa9f713000 	C:\WINDOWS\System32\SHCORE.dll
0x00007ffa9ffa0000 - 0x00007ffa9fffe000 	C:\WINDOWS\System32\shlwapi.dll
0x00007ffa9d300000 - 0x00007ffa9d326000 	C:\WINDOWS\SYSTEM32\profapi.dll
0x00007ffa9a4a0000 - 0x00007ffa9a4b9000 	C:\Program Files\Android\Android Studio\jbr\bin\net.dll
0x00007ffa979c0000 - 0x00007ffa97af7000 	C:\WINDOWS\SYSTEM32\WINHTTP.dll
0x00007ffa9c930000 - 0x00007ffa9c999000 	C:\WINDOWS\system32\mswsock.dll
0x00007ffa9a3a0000 - 0x00007ffa9a3b3000 	C:\Program Files\Android\Android Studio\jbr\bin\nio.dll
0x00007ffa85560000 - 0x00007ffa85587000 	C:\Users\Aluno\.gradle\native\e1d6ef7f7dcc3fd88c89a11ec53ec762bb8ba0a96d01ffa2cd45eb1d1d8dd5c5\windows-amd64\native-platform.dll
0x00007ffa71070000 - 0x00007ffa711b4000 	C:\Users\Aluno\.gradle\native\0d407fdbe67a94daf76414ababcb853783967236a71b16ec16e742cd7a986fd3\windows-amd64\native-platform-file-events.dll
0x00007ffa9a560000 - 0x00007ffa9a56a000 	C:\Program Files\Android\Android Studio\jbr\bin\management.dll
0x00007ffa9a490000 - 0x00007ffa9a49b000 	C:\Program Files\Android\Android Studio\jbr\bin\management_ext.dll
0x00007ffa9cc80000 - 0x00007ffa9cc9b000 	C:\WINDOWS\SYSTEM32\CRYPTSP.dll
0x00007ffa9c420000 - 0x00007ffa9c455000 	C:\WINDOWS\system32\rsaenh.dll
0x00007ffa9c9d0000 - 0x00007ffa9c9fc000 	C:\WINDOWS\SYSTEM32\USERENV.dll
0x00007ffa9cc60000 - 0x00007ffa9cc6c000 	C:\WINDOWS\SYSTEM32\CRYPTBASE.dll
0x00007ffa9bec0000 - 0x00007ffa9beed000 	C:\WINDOWS\SYSTEM32\IPHLPAPI.DLL
0x00007ffa9f0c0000 - 0x00007ffa9f0c9000 	C:\WINDOWS\System32\NSI.dll
0x00007ffa977a0000 - 0x00007ffa977b9000 	C:\WINDOWS\SYSTEM32\dhcpcsvc6.DLL
0x00007ffa976e0000 - 0x00007ffa976ff000 	C:\WINDOWS\SYSTEM32\dhcpcsvc.DLL
0x00007ffa9bf30000 - 0x00007ffa9c029000 	C:\WINDOWS\SYSTEM32\DNSAPI.dll

dbghelp: loaded successfully - version: 4.0.5 - missing functions: none
symbol engine: initialized successfully - sym options: 0x614 - pdb path: .;C:\Program Files\Android\Android Studio\jbr\bin;C:\WINDOWS\SYSTEM32;C:\WINDOWS\WinSxS\amd64_microsoft.windows.common-controls_6595b64144ccf1df_6.0.22621.3235_none_270f74e173860f98;C:\Program Files\Android\Android Studio\jbr\bin\server;C:\Users\Aluno\.gradle\native\e1d6ef7f7dcc3fd88c89a11ec53ec762bb8ba0a96d01ffa2cd45eb1d1d8dd5c5\windows-amd64;C:\Users\Aluno\.gradle\native\0d407fdbe67a94daf76414ababcb853783967236a71b16ec16e742cd7a986fd3\windows-amd64

VM Arguments:
jvm_args: --add-opens=java.base/java.util=ALL-UNNAMED --add-opens=java.base/java.lang=ALL-UNNAMED --add-opens=java.base/java.lang.invoke=ALL-UNNAMED --add-opens=java.base/java.util=ALL-UNNAMED --add-opens=java.prefs/java.util.prefs=ALL-UNNAMED --add-opens=java.prefs/java.util.prefs=ALL-UNNAMED --add-opens=java.base/java.nio.charset=ALL-UNNAMED --add-opens=java.base/java.net=ALL-UNNAMED --add-opens=java.base/java.util.concurrent.atomic=ALL-UNNAMED -Xmx2048m -Dfile.encoding=UTF-8 -Duser.country=BR -Duser.language=pt -Duser.variant 
java_command: org.gradle.launcher.daemon.bootstrap.GradleDaemon 7.5
java_class_path (initial): C:\Users\Aluno\.gradle\wrapper\dists\gradle-7.5-bin\f1w0cc9nuo0eivz97x2xlu9sv\gradle-7.5\lib\gradle-launcher-7.5.jar
Launcher Type: SUN_STANDARD

[Global flags]
     intx CICompilerCount                          = 4                                         {product} {ergonomic}
     uint ConcGCThreads                            = 3                                         {product} {ergonomic}
     uint G1ConcRefinementThreads                  = 10                                        {product} {ergonomic}
   size_t G1HeapRegionSize                         = 1048576                                   {product} {ergonomic}
    uintx GCDrainStackTargetSize                   = 64                                        {product} {ergonomic}
   size_t InitialHeapSize                          = 123731968                                 {product} {ergonomic}
   size_t MarkStackSize                            = 4194304                                   {product} {ergonomic}
   size_t MaxHeapSize                              = 2147483648                                {product} {command line}
   size_t MaxNewSize                               = 1287651328                                {product} {ergonomic}
   size_t MinHeapDeltaBytes                        = 1048576                                   {product} {ergonomic}
    uintx NonNMethodCodeHeapSize                   = 5836300                                {pd product} {ergonomic}
    uintx NonProfiledCodeHeapSize                  = 122910970                              {pd product} {ergonomic}
    uintx ProfiledCodeHeapSize                     = 122910970                              {pd product} {ergonomic}
    uintx ReservedCodeCacheSize                    = 251658240                              {pd product} {ergonomic}
     bool SegmentedCodeCache                       = true                                      {product} {ergonomic}
     bool UseCompressedClassPointers               = true                                 {lp64_product} {ergonomic}
     bool UseCompressedOops                        = true                                 {lp64_product} {ergonomic}
     bool UseG1GC                                  = true                                      {product} {ergonomic}
     bool UseLargePagesIndividualAllocation        = false                                  {pd product} {ergonomic}

Logging:
Log output configuration:
 #0: stdout all=warning uptime,level,tags
 #1: stderr all=off uptime,level,tags

Environment Variables:
JAVA_HOME=C:\Users\Aluno\.p2\pool\plugins\org.eclipse.justj.openjdk.hotspot.jre.full.win32.x86_64_17.0.6.v20230204-1729\jre
PATH=C:\Program Files\Common Files\Oracle\Java\javapath;C:\WINDOWS\system32;C:\WINDOWS;C:\WINDOWS\System32\Wbem;C:\WINDOWS\System32\WindowsPowerShell\v1.0\;C:\WINDOWS\System32\OpenSSH\;C:\Program Files\Git\cmd;C:\Program Files (x86)\IVI Foundation\VISA\WinNT\Bin;C:\Program Files\nodejs\;C:\Program Files\Microsoft SQL Server\130\Tools\Binn\;C:\Program Files\Microsoft SQL Server\Client SDK\ODBC\170\Tools\Binn\;C:\Program Files\PuTTY\;C:\Program Files\Shield;C:\Program Files\MySQL\MySQL Shell 8.0\bin\;C:\Users\Aluno\AppData\Local\Programs\Python\Python37-32\Scripts\;C:\Users\Aluno\AppData\Local\Programs\Python\Python37-32\;C:\Users\Aluno\AppData\Local\Microsoft\WindowsApps;C:\Users\Aluno\AppData\Local\gitkraken\bin;C:\Users\Aluno\AppData\Roaming\npm;C:\Users\Aluno\AppData\Local\Programs\Microsoft VS Code\bin;"C:\Users\Aluno\Downloads\flutter\bin"
USERNAME=Aluno
OS=Windows_NT
PROCESSOR_IDENTIFIER=Intel64 Family 6 Model 151 Stepping 2, GenuineIntel



---------------  S Y S T E M  ---------------

OS: Windows 11 , 64 bit Build 22621 (10.0.22621.3235)
OS uptime: 0 days 2:43 hours
Hyper-V role detected

CPU:total 12 (initial active 12) (6 cores per cpu, 2 threads per core) family 6 model 151 stepping 2 microcode 0x1e, cmov, cx8, fxsr, mmx, sse, sse2, sse3, ssse3, sse4.1, sse4.2, popcnt, avx, avx2, aes, clmul, erms, 3dnowpref, lzcnt, ht, tsc, tscinvbit, bmi1, bmi2, adx, sha, fma

Memory: 4k page, system-wide physical 7515M (1329M free)
TotalPageFile size 10823M (AvailPageFile size 0M)
current process WorkingSet (physical memory assigned to process): 387M, peak: 387M
current process commit charge ("private bytes"): 430M, peak: 431M

vm_info: OpenJDK 64-Bit Server VM (11.0.15+0-b2043.56-9505619) for windows-amd64 JRE (11.0.15+0-b2043.56-9505619), built on Jan 19 2023 02:48:00 by "builduser" with unknown MS VC++:1929

END.
